  VisualGDB: Run "cmd.exe /c "C:\SysGCC\arm-eabi\bin\make.exe" CONFIG=Debug clean -j4" in directory "C:\_source\dizzyrobot\Electronics\Motor-1\Firmware" on local computer
  cmd /C del /S /Q Debug
  Deleted file - C:\_source\dizzyrobot\Electronics\Motor-1\Firmware\Debug\Buttons.dep
  Deleted file - C:\_source\dizzyrobot\Electronics\Motor-1\Firmware\Debug\Buttons.o
  Deleted file - C:\_source\dizzyrobot\Electronics\Motor-1\Firmware\Debug\Calibrate.dep
  Deleted file - C:\_source\dizzyrobot\Electronics\Motor-1\Firmware\Debug\Calibrate.o
  Deleted file - C:\_source\dizzyrobot\Electronics\Motor-1\Firmware\Debug\Clock.dep
  Deleted file - C:\_source\dizzyrobot\Electronics\Motor-1\Firmware\Debug\Clock.o
  Deleted file - C:\_source\dizzyrobot\Electronics\Motor-1\Firmware\Debug\flash.dep
  Deleted file - C:\_source\dizzyrobot\Electronics\Motor-1\Firmware\Debug\flash.o
  Deleted file - C:\_source\dizzyrobot\Electronics\Motor-1\Firmware\Debug\main.dep
  Deleted file - C:\_source\dizzyrobot\Electronics\Motor-1\Firmware\Debug\main.o
  Deleted file - C:\_source\dizzyrobot\Electronics\Motor-1\Firmware\Debug\PWM.dep
  Deleted file - C:\_source\dizzyrobot\Electronics\Motor-1\Firmware\Debug\PWM.o
  Deleted file - C:\_source\dizzyrobot\Electronics\Motor-1\Firmware\Debug\Spi.dep
  Deleted file - C:\_source\dizzyrobot\Electronics\Motor-1\Firmware\Debug\Spi.o
  Deleted file - C:\_source\dizzyrobot\Electronics\Motor-1\Firmware\Debug\SpiA1335.dep
  Deleted file - C:\_source\dizzyrobot\Electronics\Motor-1\Firmware\Debug\SpiA1335.o
  Deleted file - C:\_source\dizzyrobot\Electronics\Motor-1\Firmware\Debug\SpiAS5048A.dep
  Deleted file - C:\_source\dizzyrobot\Electronics\Motor-1\Firmware\Debug\SpiAS5048A.o
  Deleted file - C:\_source\dizzyrobot\Electronics\Motor-1\Firmware\Debug\SpiMA700.dep
  Deleted file - C:\_source\dizzyrobot\Electronics\Motor-1\Firmware\Debug\SpiMA700.o
  Deleted file - C:\_source\dizzyrobot\Electronics\Motor-1\Firmware\Debug\SpiTLE5012B.dep
  Deleted file - C:\_source\dizzyrobot\Electronics\Motor-1\Firmware\Debug\SpiTLE5012B.o
  Deleted file - C:\_source\dizzyrobot\Electronics\Motor-1\Firmware\Debug\startup_stm32f031x6.dep
  Deleted file - C:\_source\dizzyrobot\Electronics\Motor-1\Firmware\Debug\startup_stm32f031x6.o
  Deleted file - C:\_source\dizzyrobot\Electronics\Motor-1\Firmware\Debug\stm32f0xx_hal.dep
  Deleted file - C:\_source\dizzyrobot\Electronics\Motor-1\Firmware\Debug\stm32f0xx_hal.o
  Deleted file - C:\_source\dizzyrobot\Electronics\Motor-1\Firmware\Debug\stm32f0xx_hal_adc.dep
  Deleted file - C:\_source\dizzyrobot\Electronics\Motor-1\Firmware\Debug\stm32f0xx_hal_adc.o
  Deleted file - C:\_source\dizzyrobot\Electronics\Motor-1\Firmware\Debug\stm32f0xx_hal_adc_ex.dep
  Deleted file - C:\_source\dizzyrobot\Electronics\Motor-1\Firmware\Debug\stm32f0xx_hal_adc_ex.o
  Deleted file - C:\_source\dizzyrobot\Electronics\Motor-1\Firmware\Debug\stm32f0xx_hal_can.dep
  Deleted file - C:\_source\dizzyrobot\Electronics\Motor-1\Firmware\Debug\stm32f0xx_hal_can.o
  Deleted file - C:\_source\dizzyrobot\Electronics\Motor-1\Firmware\Debug\stm32f0xx_hal_cec.dep
  Deleted file - C:\_source\dizzyrobot\Electronics\Motor-1\Firmware\Debug\stm32f0xx_hal_cec.o
  Deleted file - C:\_source\dizzyrobot\Electronics\Motor-1\Firmware\Debug\stm32f0xx_hal_comp.dep
  Deleted file - C:\_source\dizzyrobot\Electronics\Motor-1\Firmware\Debug\stm32f0xx_hal_comp.o
  Deleted file - C:\_source\dizzyrobot\Electronics\Motor-1\Firmware\Debug\stm32f0xx_hal_cortex.dep
  Deleted file - C:\_source\dizzyrobot\Electronics\Motor-1\Firmware\Debug\stm32f0xx_hal_cortex.o
  Deleted file - C:\_source\dizzyrobot\Electronics\Motor-1\Firmware\Debug\stm32f0xx_hal_crc.dep
  Deleted file - C:\_source\dizzyrobot\Electronics\Motor-1\Firmware\Debug\stm32f0xx_hal_crc.o
  Deleted file - C:\_source\dizzyrobot\Electronics\Motor-1\Firmware\Debug\stm32f0xx_hal_crc_ex.dep
  Deleted file - C:\_source\dizzyrobot\Electronics\Motor-1\Firmware\Debug\stm32f0xx_hal_crc_ex.o
  Deleted file - C:\_source\dizzyrobot\Electronics\Motor-1\Firmware\Debug\stm32f0xx_hal_dac.dep
  Deleted file - C:\_source\dizzyrobot\Electronics\Motor-1\Firmware\Debug\stm32f0xx_hal_dac.o
  Deleted file - C:\_source\dizzyrobot\Electronics\Motor-1\Firmware\Debug\stm32f0xx_hal_dac_ex.dep
  Deleted file - C:\_source\dizzyrobot\Electronics\Motor-1\Firmware\Debug\stm32f0xx_hal_dac_ex.o
  Deleted file - C:\_source\dizzyrobot\Electronics\Motor-1\Firmware\Debug\stm32f0xx_hal_dma.dep
  Deleted file - C:\_source\dizzyrobot\Electronics\Motor-1\Firmware\Debug\stm32f0xx_hal_dma.o
  Deleted file - C:\_source\dizzyrobot\Electronics\Motor-1\Firmware\Debug\stm32f0xx_hal_flash.dep
  Deleted file - C:\_source\dizzyrobot\Electronics\Motor-1\Firmware\Debug\stm32f0xx_hal_flash.o
  Deleted file - C:\_source\dizzyrobot\Electronics\Motor-1\Firmware\Debug\stm32f0xx_hal_flash_ex.dep
  Deleted file - C:\_source\dizzyrobot\Electronics\Motor-1\Firmware\Debug\stm32f0xx_hal_flash_ex.o
  Deleted file - C:\_source\dizzyrobot\Electronics\Motor-1\Firmware\Debug\stm32f0xx_hal_gpio.dep
  Deleted file - C:\_source\dizzyrobot\Electronics\Motor-1\Firmware\Debug\stm32f0xx_hal_gpio.o
  Deleted file - C:\_source\dizzyrobot\Electronics\Motor-1\Firmware\Debug\stm32f0xx_hal_i2c.dep
  Deleted file - C:\_source\dizzyrobot\Electronics\Motor-1\Firmware\Debug\stm32f0xx_hal_i2c.o
  Deleted file - C:\_source\dizzyrobot\Electronics\Motor-1\Firmware\Debug\stm32f0xx_hal_i2c_ex.dep
  Deleted file - C:\_source\dizzyrobot\Electronics\Motor-1\Firmware\Debug\stm32f0xx_hal_i2c_ex.o
  Deleted file - C:\_source\dizzyrobot\Electronics\Motor-1\Firmware\Debug\stm32f0xx_hal_i2s.dep
  Deleted file - C:\_source\dizzyrobot\Electronics\Motor-1\Firmware\Debug\stm32f0xx_hal_i2s.o
  Deleted file - C:\_source\dizzyrobot\Electronics\Motor-1\Firmware\Debug\stm32f0xx_hal_irda.dep
  Deleted file - C:\_source\dizzyrobot\Electronics\Motor-1\Firmware\Debug\stm32f0xx_hal_irda.o
  Deleted file - C:\_source\dizzyrobot\Electronics\Motor-1\Firmware\Debug\stm32f0xx_hal_iwdg.dep
  Deleted file - C:\_source\dizzyrobot\Electronics\Motor-1\Firmware\Debug\stm32f0xx_hal_iwdg.o
  Deleted file - C:\_source\dizzyrobot\Electronics\Motor-1\Firmware\Debug\stm32f0xx_hal_pcd.dep
  Deleted file - C:\_source\dizzyrobot\Electronics\Motor-1\Firmware\Debug\stm32f0xx_hal_pcd.o
  Deleted file - C:\_source\dizzyrobot\Electronics\Motor-1\Firmware\Debug\stm32f0xx_hal_pcd_ex.dep
  Deleted file - C:\_source\dizzyrobot\Electronics\Motor-1\Firmware\Debug\stm32f0xx_hal_pcd_ex.o
  Deleted file - C:\_source\dizzyrobot\Electronics\Motor-1\Firmware\Debug\stm32f0xx_hal_pwr.dep
  Deleted file - C:\_source\dizzyrobot\Electronics\Motor-1\Firmware\Debug\stm32f0xx_hal_pwr.o
  Deleted file - C:\_source\dizzyrobot\Electronics\Motor-1\Firmware\Debug\stm32f0xx_hal_pwr_ex.dep
  Deleted file - C:\_source\dizzyrobot\Electronics\Motor-1\Firmware\Debug\stm32f0xx_hal_pwr_ex.o
  Deleted file - C:\_source\dizzyrobot\Electronics\Motor-1\Firmware\Debug\stm32f0xx_hal_rcc.dep
  Deleted file - C:\_source\dizzyrobot\Electronics\Motor-1\Firmware\Debug\stm32f0xx_hal_rcc.o
  Deleted file - C:\_source\dizzyrobot\Electronics\Motor-1\Firmware\Debug\stm32f0xx_hal_rcc_ex.dep
  Deleted file - C:\_source\dizzyrobot\Electronics\Motor-1\Firmware\Debug\stm32f0xx_hal_rcc_ex.o
  Deleted file - C:\_source\dizzyrobot\Electronics\Motor-1\Firmware\Debug\stm32f0xx_hal_rtc.dep
  Deleted file - C:\_source\dizzyrobot\Electronics\Motor-1\Firmware\Debug\stm32f0xx_hal_rtc.o
  Deleted file - C:\_source\dizzyrobot\Electronics\Motor-1\Firmware\Debug\stm32f0xx_hal_rtc_ex.dep
  Deleted file - C:\_source\dizzyrobot\Electronics\Motor-1\Firmware\Debug\stm32f0xx_hal_rtc_ex.o
  Deleted file - C:\_source\dizzyrobot\Electronics\Motor-1\Firmware\Debug\stm32f0xx_hal_smartcard.dep
  Deleted file - C:\_source\dizzyrobot\Electronics\Motor-1\Firmware\Debug\stm32f0xx_hal_smartcard.o
  Deleted file - C:\_source\dizzyrobot\Electronics\Motor-1\Firmware\Debug\stm32f0xx_hal_smartcard_ex.dep
  Deleted file - C:\_source\dizzyrobot\Electronics\Motor-1\Firmware\Debug\stm32f0xx_hal_smartcard_ex.o
  Deleted file - C:\_source\dizzyrobot\Electronics\Motor-1\Firmware\Debug\stm32f0xx_hal_smbus.dep
  Deleted file - C:\_source\dizzyrobot\Electronics\Motor-1\Firmware\Debug\stm32f0xx_hal_smbus.o
  Deleted file - C:\_source\dizzyrobot\Electronics\Motor-1\Firmware\Debug\stm32f0xx_hal_spi.dep
  Deleted file - C:\_source\dizzyrobot\Electronics\Motor-1\Firmware\Debug\stm32f0xx_hal_spi.o
  Deleted file - C:\_source\dizzyrobot\Electronics\Motor-1\Firmware\Debug\stm32f0xx_hal_spi_ex.dep
  Deleted file - C:\_source\dizzyrobot\Electronics\Motor-1\Firmware\Debug\stm32f0xx_hal_spi_ex.o
  Deleted file - C:\_source\dizzyrobot\Electronics\Motor-1\Firmware\Debug\stm32f0xx_hal_tim.dep
  Deleted file - C:\_source\dizzyrobot\Electronics\Motor-1\Firmware\Debug\stm32f0xx_hal_tim.o
  Deleted file - C:\_source\dizzyrobot\Electronics\Motor-1\Firmware\Debug\stm32f0xx_hal_tim_ex.dep
  Deleted file - C:\_source\dizzyrobot\Electronics\Motor-1\Firmware\Debug\stm32f0xx_hal_tim_ex.o
  Deleted file - C:\_source\dizzyrobot\Electronics\Motor-1\Firmware\Debug\stm32f0xx_hal_tsc.dep
  Deleted file - C:\_source\dizzyrobot\Electronics\Motor-1\Firmware\Debug\stm32f0xx_hal_tsc.o
  Deleted file - C:\_source\dizzyrobot\Electronics\Motor-1\Firmware\Debug\stm32f0xx_hal_uart.dep
  Deleted file - C:\_source\dizzyrobot\Electronics\Motor-1\Firmware\Debug\stm32f0xx_hal_uart.o
  Deleted file - C:\_source\dizzyrobot\Electronics\Motor-1\Firmware\Debug\stm32f0xx_hal_uart_ex.dep
  Deleted file - C:\_source\dizzyrobot\Electronics\Motor-1\Firmware\Debug\stm32f0xx_hal_uart_ex.o
  Deleted file - C:\_source\dizzyrobot\Electronics\Motor-1\Firmware\Debug\stm32f0xx_hal_usart.dep
  Deleted file - C:\_source\dizzyrobot\Electronics\Motor-1\Firmware\Debug\stm32f0xx_hal_usart.o
  Deleted file - C:\_source\dizzyrobot\Electronics\Motor-1\Firmware\Debug\stm32f0xx_hal_wwdg.dep
  Deleted file - C:\_source\dizzyrobot\Electronics\Motor-1\Firmware\Debug\stm32f0xx_hal_wwdg.o
  Deleted file - C:\_source\dizzyrobot\Electronics\Motor-1\Firmware\Debug\stm32f0xx_ll_adc.dep
  Deleted file - C:\_source\dizzyrobot\Electronics\Motor-1\Firmware\Debug\stm32f0xx_ll_adc.o
  Deleted file - C:\_source\dizzyrobot\Electronics\Motor-1\Firmware\Debug\stm32f0xx_ll_comp.dep
  Deleted file - C:\_source\dizzyrobot\Electronics\Motor-1\Firmware\Debug\stm32f0xx_ll_comp.o
  Deleted file - C:\_source\dizzyrobot\Electronics\Motor-1\Firmware\Debug\stm32f0xx_ll_crc.dep
  Deleted file - C:\_source\dizzyrobot\Electronics\Motor-1\Firmware\Debug\stm32f0xx_ll_crc.o
  Deleted file - C:\_source\dizzyrobot\Electronics\Motor-1\Firmware\Debug\stm32f0xx_ll_crs.dep
  Deleted file - C:\_source\dizzyrobot\Electronics\Motor-1\Firmware\Debug\stm32f0xx_ll_crs.o
  Deleted file - C:\_source\dizzyrobot\Electronics\Motor-1\Firmware\Debug\stm32f0xx_ll_dac.dep
  Deleted file - C:\_source\dizzyrobot\Electronics\Motor-1\Firmware\Debug\stm32f0xx_ll_dac.o
  Deleted file - C:\_source\dizzyrobot\Electronics\Motor-1\Firmware\Debug\stm32f0xx_ll_dma.dep
  Deleted file - C:\_source\dizzyrobot\Electronics\Motor-1\Firmware\Debug\stm32f0xx_ll_dma.o
  Deleted file - C:\_source\dizzyrobot\Electronics\Motor-1\Firmware\Debug\stm32f0xx_ll_exti.dep
  Deleted file - C:\_source\dizzyrobot\Electronics\Motor-1\Firmware\Debug\stm32f0xx_ll_exti.o
  Deleted file - C:\_source\dizzyrobot\Electronics\Motor-1\Firmware\Debug\stm32f0xx_ll_gpio.dep
  Deleted file - C:\_source\dizzyrobot\Electronics\Motor-1\Firmware\Debug\stm32f0xx_ll_gpio.o
  Deleted file - C:\_source\dizzyrobot\Electronics\Motor-1\Firmware\Debug\stm32f0xx_ll_i2c.dep
  Deleted file - C:\_source\dizzyrobot\Electronics\Motor-1\Firmware\Debug\stm32f0xx_ll_i2c.o
  Deleted file - C:\_source\dizzyrobot\Electronics\Motor-1\Firmware\Debug\stm32f0xx_ll_pwr.dep
  Deleted file - C:\_source\dizzyrobot\Electronics\Motor-1\Firmware\Debug\stm32f0xx_ll_pwr.o
  Deleted file - C:\_source\dizzyrobot\Electronics\Motor-1\Firmware\Debug\stm32f0xx_ll_rcc.dep
  Deleted file - C:\_source\dizzyrobot\Electronics\Motor-1\Firmware\Debug\stm32f0xx_ll_rcc.o
  Deleted file - C:\_source\dizzyrobot\Electronics\Motor-1\Firmware\Debug\stm32f0xx_ll_rtc.dep
  Deleted file - C:\_source\dizzyrobot\Electronics\Motor-1\Firmware\Debug\stm32f0xx_ll_rtc.o
  Deleted file - C:\_source\dizzyrobot\Electronics\Motor-1\Firmware\Debug\stm32f0xx_ll_spi.dep
  Deleted file - C:\_source\dizzyrobot\Electronics\Motor-1\Firmware\Debug\stm32f0xx_ll_spi.o
  Deleted file - C:\_source\dizzyrobot\Electronics\Motor-1\Firmware\Debug\stm32f0xx_ll_tim.dep
  Deleted file - C:\_source\dizzyrobot\Electronics\Motor-1\Firmware\Debug\stm32f0xx_ll_tim.o
  Deleted file - C:\_source\dizzyrobot\Electronics\Motor-1\Firmware\Debug\stm32f0xx_ll_usart.dep
  Deleted file - C:\_source\dizzyrobot\Electronics\Motor-1\Firmware\Debug\stm32f0xx_ll_usart.o
  Deleted file - C:\_source\dizzyrobot\Electronics\Motor-1\Firmware\Debug\stm32f0xx_ll_utils.dep
  Deleted file - C:\_source\dizzyrobot\Electronics\Motor-1\Firmware\Debug\stm32f0xx_ll_utils.o
  Deleted file - C:\_source\dizzyrobot\Electronics\Motor-1\Firmware\Debug\system_stm32f0xx.dep
  The process cannot access the file because it is being used by another process.
  Deleted file - C:\_source\dizzyrobot\Electronics\Motor-1\Firmware\Debug\system_stm32f0xx.o
  Deleted file - C:\_source\dizzyrobot\Electronics\Motor-1\Firmware\Debug\Usart.dep
  Deleted file - C:\_source\dizzyrobot\Electronics\Motor-1\Firmware\Debug\Usart.o
  Deleted file - C:\_source\dizzyrobot\Electronics\Motor-1\Firmware\Debug\v7.bin
  Deleted file - C:\_source\dizzyrobot\Electronics\Motor-1\Firmware\Debug\v7.elf
  C:\_source\dizzyrobot\Electronics\Motor-1\Firmware\Debug\v7.log
  Updating C:\_source\dizzyrobot\Electronics\Motor-1\Firmware\Makefile
  VisualGDB: Updated source file list in C:\_source\dizzyrobot\Electronics\Motor-1\Firmware\Makefile. Enable verbose mode for more details.
  VisualGDB: Run "cmd.exe /c "C:\SysGCC\arm-eabi\bin\make.exe" CONFIG=Debug -j4" in directory "C:\_source\dizzyrobot\Electronics\Motor-1\Firmware" on local computer
  C:\SysGCC\arm-eabi/bin/arm-eabi-gcc.exe -ggdb -ffunction-sections -O0   -mcpu=cortex-m0 -mthumb -I. -IC:\Users\M\AppData\Local\VisualGDB\EmbeddedBSPs\arm-eabi\com.sysprogs.arm.stm32/STM32F0xxxx/STM32F0xx_HAL_Driver/Inc -IC:\Users\M\AppData\Local\VisualGDB\EmbeddedBSPs\arm-eabi\com.sysprogs.arm.stm32/STM32F0xxxx/STM32F0xx_HAL_Driver/Inc/Legacy -IC:\Users\M\AppData\Local\VisualGDB\EmbeddedBSPs\arm-eabi\com.sysprogs.arm.stm32/STM32F0xxxx/CMSIS_HAL/Device/ST/STM32F0xx/Include -IC:\Users\M\AppData\Local\VisualGDB\EmbeddedBSPs\arm-eabi\com.sysprogs.arm.stm32/STM32F0xxxx/CMSIS_HAL/Include -DDEBUG=1 -DARM_MATH_CM0 -DSTM32F031C6 -Dflash_layout -DSTM32F031x6  -c C:\Users\M\AppData\Local\VisualGDB\EmbeddedBSPs\arm-eabi\com.sysprogs.arm.stm32/STM32F0xxxx/StartupFiles/startup_stm32f031x6.c -o Debug/startup_stm32f031x6.o -MD -MF Debug/startup_stm32f031x6.dep
  C:\SysGCC\arm-eabi/bin/arm-eabi-gcc.exe -ggdb -ffunction-sections -O0   -mcpu=cortex-m0 -mthumb -I. -IC:\Users\M\AppData\Local\VisualGDB\EmbeddedBSPs\arm-eabi\com.sysprogs.arm.stm32/STM32F0xxxx/STM32F0xx_HAL_Driver/Inc -IC:\Users\M\AppData\Local\VisualGDB\EmbeddedBSPs\arm-eabi\com.sysprogs.arm.stm32/STM32F0xxxx/STM32F0xx_HAL_Driver/Inc/Legacy -IC:\Users\M\AppData\Local\VisualGDB\EmbeddedBSPs\arm-eabi\com.sysprogs.arm.stm32/STM32F0xxxx/CMSIS_HAL/Device/ST/STM32F0xx/Include -IC:\Users\M\AppData\Local\VisualGDB\EmbeddedBSPs\arm-eabi\com.sysprogs.arm.stm32/STM32F0xxxx/CMSIS_HAL/Include -DDEBUG=1 -DARM_MATH_CM0 -DSTM32F031C6 -Dflash_layout -DSTM32F031x6  -c C:\Users\M\AppData\Local\VisualGDB\EmbeddedBSPs\arm-eabi\com.sysprogs.arm.stm32/STM32F0xxxx/STM32F0xx_HAL_Driver/Src/stm32f0xx_hal.c -o Debug/stm32f0xx_hal.o -MD -MF Debug/stm32f0xx_hal.dep
  C:\SysGCC\arm-eabi/bin/arm-eabi-gcc.exe -ggdb -ffunction-sections -O0   -mcpu=cortex-m0 -mthumb -I. -IC:\Users\M\AppData\Local\VisualGDB\EmbeddedBSPs\arm-eabi\com.sysprogs.arm.stm32/STM32F0xxxx/STM32F0xx_HAL_Driver/Inc -IC:\Users\M\AppData\Local\VisualGDB\EmbeddedBSPs\arm-eabi\com.sysprogs.arm.stm32/STM32F0xxxx/STM32F0xx_HAL_Driver/Inc/Legacy -IC:\Users\M\AppData\Local\VisualGDB\EmbeddedBSPs\arm-eabi\com.sysprogs.arm.stm32/STM32F0xxxx/CMSIS_HAL/Device/ST/STM32F0xx/Include -IC:\Users\M\AppData\Local\VisualGDB\EmbeddedBSPs\arm-eabi\com.sysprogs.arm.stm32/STM32F0xxxx/CMSIS_HAL/Include -DDEBUG=1 -DARM_MATH_CM0 -DSTM32F031C6 -Dflash_layout -DSTM32F031x6  -c C:\Users\M\AppData\Local\VisualGDB\EmbeddedBSPs\arm-eabi\com.sysprogs.arm.stm32/STM32F0xxxx/STM32F0xx_HAL_Driver/Src/stm32f0xx_hal_adc.c -o Debug/stm32f0xx_hal_adc.o -MD -MF Debug/stm32f0xx_hal_adc.dep
  C:\SysGCC\arm-eabi/bin/arm-eabi-gcc.exe -ggdb -ffunction-sections -O0   -mcpu=cortex-m0 -mthumb -I. -IC:\Users\M\AppData\Local\VisualGDB\EmbeddedBSPs\arm-eabi\com.sysprogs.arm.stm32/STM32F0xxxx/STM32F0xx_HAL_Driver/Inc -IC:\Users\M\AppData\Local\VisualGDB\EmbeddedBSPs\arm-eabi\com.sysprogs.arm.stm32/STM32F0xxxx/STM32F0xx_HAL_Driver/Inc/Legacy -IC:\Users\M\AppData\Local\VisualGDB\EmbeddedBSPs\arm-eabi\com.sysprogs.arm.stm32/STM32F0xxxx/CMSIS_HAL/Device/ST/STM32F0xx/Include -IC:\Users\M\AppData\Local\VisualGDB\EmbeddedBSPs\arm-eabi\com.sysprogs.arm.stm32/STM32F0xxxx/CMSIS_HAL/Include -DDEBUG=1 -DARM_MATH_CM0 -DSTM32F031C6 -Dflash_layout -DSTM32F031x6  -c C:\Users\M\AppData\Local\VisualGDB\EmbeddedBSPs\arm-eabi\com.sysprogs.arm.stm32/STM32F0xxxx/STM32F0xx_HAL_Driver/Src/stm32f0xx_hal_adc_ex.c -o Debug/stm32f0xx_hal_adc_ex.o -MD -MF Debug/stm32f0xx_hal_adc_ex.dep
  C:\SysGCC\arm-eabi/bin/arm-eabi-gcc.exe -ggdb -ffunction-sections -O0   -mcpu=cortex-m0 -mthumb -I. -IC:\Users\M\AppData\Local\VisualGDB\EmbeddedBSPs\arm-eabi\com.sysprogs.arm.stm32/STM32F0xxxx/STM32F0xx_HAL_Driver/Inc -IC:\Users\M\AppData\Local\VisualGDB\EmbeddedBSPs\arm-eabi\com.sysprogs.arm.stm32/STM32F0xxxx/STM32F0xx_HAL_Driver/Inc/Legacy -IC:\Users\M\AppData\Local\VisualGDB\EmbeddedBSPs\arm-eabi\com.sysprogs.arm.stm32/STM32F0xxxx/CMSIS_HAL/Device/ST/STM32F0xx/Include -IC:\Users\M\AppData\Local\VisualGDB\EmbeddedBSPs\arm-eabi\com.sysprogs.arm.stm32/STM32F0xxxx/CMSIS_HAL/Include -DDEBUG=1 -DARM_MATH_CM0 -DSTM32F031C6 -Dflash_layout -DSTM32F031x6  -c C:\Users\M\AppData\Local\VisualGDB\EmbeddedBSPs\arm-eabi\com.sysprogs.arm.stm32/STM32F0xxxx/STM32F0xx_HAL_Driver/Src/stm32f0xx_hal_can.c -o Debug/stm32f0xx_hal_can.o -MD -MF Debug/stm32f0xx_hal_can.dep
  C:\SysGCC\arm-eabi/bin/arm-eabi-gcc.exe -ggdb -ffunction-sections -O0   -mcpu=cortex-m0 -mthumb -I. -IC:\Users\M\AppData\Local\VisualGDB\EmbeddedBSPs\arm-eabi\com.sysprogs.arm.stm32/STM32F0xxxx/STM32F0xx_HAL_Driver/Inc -IC:\Users\M\AppData\Local\VisualGDB\EmbeddedBSPs\arm-eabi\com.sysprogs.arm.stm32/STM32F0xxxx/STM32F0xx_HAL_Driver/Inc/Legacy -IC:\Users\M\AppData\Local\VisualGDB\EmbeddedBSPs\arm-eabi\com.sysprogs.arm.stm32/STM32F0xxxx/CMSIS_HAL/Device/ST/STM32F0xx/Include -IC:\Users\M\AppData\Local\VisualGDB\EmbeddedBSPs\arm-eabi\com.sysprogs.arm.stm32/STM32F0xxxx/CMSIS_HAL/Include -DDEBUG=1 -DARM_MATH_CM0 -DSTM32F031C6 -Dflash_layout -DSTM32F031x6  -c C:\Users\M\AppData\Local\VisualGDB\EmbeddedBSPs\arm-eabi\com.sysprogs.arm.stm32/STM32F0xxxx/STM32F0xx_HAL_Driver/Src/stm32f0xx_hal_cec.c -o Debug/stm32f0xx_hal_cec.o -MD -MF Debug/stm32f0xx_hal_cec.dep
  C:\SysGCC\arm-eabi/bin/arm-eabi-gcc.exe -ggdb -ffunction-sections -O0   -mcpu=cortex-m0 -mthumb -I. -IC:\Users\M\AppData\Local\VisualGDB\EmbeddedBSPs\arm-eabi\com.sysprogs.arm.stm32/STM32F0xxxx/STM32F0xx_HAL_Driver/Inc -IC:\Users\M\AppData\Local\VisualGDB\EmbeddedBSPs\arm-eabi\com.sysprogs.arm.stm32/STM32F0xxxx/STM32F0xx_HAL_Driver/Inc/Legacy -IC:\Users\M\AppData\Local\VisualGDB\EmbeddedBSPs\arm-eabi\com.sysprogs.arm.stm32/STM32F0xxxx/CMSIS_HAL/Device/ST/STM32F0xx/Include -IC:\Users\M\AppData\Local\VisualGDB\EmbeddedBSPs\arm-eabi\com.sysprogs.arm.stm32/STM32F0xxxx/CMSIS_HAL/Include -DDEBUG=1 -DARM_MATH_CM0 -DSTM32F031C6 -Dflash_layout -DSTM32F031x6  -c C:\Users\M\AppData\Local\VisualGDB\EmbeddedBSPs\arm-eabi\com.sysprogs.arm.stm32/STM32F0xxxx/STM32F0xx_HAL_Driver/Src/stm32f0xx_hal_comp.c -o Debug/stm32f0xx_hal_comp.o -MD -MF Debug/stm32f0xx_hal_comp.dep
  C:\SysGCC\arm-eabi/bin/arm-eabi-gcc.exe -ggdb -ffunction-sections -O0   -mcpu=cortex-m0 -mthumb -I. -IC:\Users\M\AppData\Local\VisualGDB\EmbeddedBSPs\arm-eabi\com.sysprogs.arm.stm32/STM32F0xxxx/STM32F0xx_HAL_Driver/Inc -IC:\Users\M\AppData\Local\VisualGDB\EmbeddedBSPs\arm-eabi\com.sysprogs.arm.stm32/STM32F0xxxx/STM32F0xx_HAL_Driver/Inc/Legacy -IC:\Users\M\AppData\Local\VisualGDB\EmbeddedBSPs\arm-eabi\com.sysprogs.arm.stm32/STM32F0xxxx/CMSIS_HAL/Device/ST/STM32F0xx/Include -IC:\Users\M\AppData\Local\VisualGDB\EmbeddedBSPs\arm-eabi\com.sysprogs.arm.stm32/STM32F0xxxx/CMSIS_HAL/Include -DDEBUG=1 -DARM_MATH_CM0 -DSTM32F031C6 -Dflash_layout -DSTM32F031x6  -c C:\Users\M\AppData\Local\VisualGDB\EmbeddedBSPs\arm-eabi\com.sysprogs.arm.stm32/STM32F0xxxx/STM32F0xx_HAL_Driver/Src/stm32f0xx_hal_cortex.c -o Debug/stm32f0xx_hal_cortex.o -MD -MF Debug/stm32f0xx_hal_cortex.dep
  C:\SysGCC\arm-eabi/bin/arm-eabi-gcc.exe -ggdb -ffunction-sections -O0   -mcpu=cortex-m0 -mthumb -I. -IC:\Users\M\AppData\Local\VisualGDB\EmbeddedBSPs\arm-eabi\com.sysprogs.arm.stm32/STM32F0xxxx/STM32F0xx_HAL_Driver/Inc -IC:\Users\M\AppData\Local\VisualGDB\EmbeddedBSPs\arm-eabi\com.sysprogs.arm.stm32/STM32F0xxxx/STM32F0xx_HAL_Driver/Inc/Legacy -IC:\Users\M\AppData\Local\VisualGDB\EmbeddedBSPs\arm-eabi\com.sysprogs.arm.stm32/STM32F0xxxx/CMSIS_HAL/Device/ST/STM32F0xx/Include -IC:\Users\M\AppData\Local\VisualGDB\EmbeddedBSPs\arm-eabi\com.sysprogs.arm.stm32/STM32F0xxxx/CMSIS_HAL/Include -DDEBUG=1 -DARM_MATH_CM0 -DSTM32F031C6 -Dflash_layout -DSTM32F031x6  -c C:\Users\M\AppData\Local\VisualGDB\EmbeddedBSPs\arm-eabi\com.sysprogs.arm.stm32/STM32F0xxxx/STM32F0xx_HAL_Driver/Src/stm32f0xx_hal_crc.c -o Debug/stm32f0xx_hal_crc.o -MD -MF Debug/stm32f0xx_hal_crc.dep
  C:\SysGCC\arm-eabi/bin/arm-eabi-gcc.exe -ggdb -ffunction-sections -O0   -mcpu=cortex-m0 -mthumb -I. -IC:\Users\M\AppData\Local\VisualGDB\EmbeddedBSPs\arm-eabi\com.sysprogs.arm.stm32/STM32F0xxxx/STM32F0xx_HAL_Driver/Inc -IC:\Users\M\AppData\Local\VisualGDB\EmbeddedBSPs\arm-eabi\com.sysprogs.arm.stm32/STM32F0xxxx/STM32F0xx_HAL_Driver/Inc/Legacy -IC:\Users\M\AppData\Local\VisualGDB\EmbeddedBSPs\arm-eabi\com.sysprogs.arm.stm32/STM32F0xxxx/CMSIS_HAL/Device/ST/STM32F0xx/Include -IC:\Users\M\AppData\Local\VisualGDB\EmbeddedBSPs\arm-eabi\com.sysprogs.arm.stm32/STM32F0xxxx/CMSIS_HAL/Include -DDEBUG=1 -DARM_MATH_CM0 -DSTM32F031C6 -Dflash_layout -DSTM32F031x6  -c C:\Users\M\AppData\Local\VisualGDB\EmbeddedBSPs\arm-eabi\com.sysprogs.arm.stm32/STM32F0xxxx/STM32F0xx_HAL_Driver/Src/stm32f0xx_hal_crc_ex.c -o Debug/stm32f0xx_hal_crc_ex.o -MD -MF Debug/stm32f0xx_hal_crc_ex.dep
  C:\SysGCC\arm-eabi/bin/arm-eabi-gcc.exe -ggdb -ffunction-sections -O0   -mcpu=cortex-m0 -mthumb -I. -IC:\Users\M\AppData\Local\VisualGDB\EmbeddedBSPs\arm-eabi\com.sysprogs.arm.stm32/STM32F0xxxx/STM32F0xx_HAL_Driver/Inc -IC:\Users\M\AppData\Local\VisualGDB\EmbeddedBSPs\arm-eabi\com.sysprogs.arm.stm32/STM32F0xxxx/STM32F0xx_HAL_Driver/Inc/Legacy -IC:\Users\M\AppData\Local\VisualGDB\EmbeddedBSPs\arm-eabi\com.sysprogs.arm.stm32/STM32F0xxxx/CMSIS_HAL/Device/ST/STM32F0xx/Include -IC:\Users\M\AppData\Local\VisualGDB\EmbeddedBSPs\arm-eabi\com.sysprogs.arm.stm32/STM32F0xxxx/CMSIS_HAL/Include -DDEBUG=1 -DARM_MATH_CM0 -DSTM32F031C6 -Dflash_layout -DSTM32F031x6  -c C:\Users\M\AppData\Local\VisualGDB\EmbeddedBSPs\arm-eabi\com.sysprogs.arm.stm32/STM32F0xxxx/STM32F0xx_HAL_Driver/Src/stm32f0xx_hal_dac.c -o Debug/stm32f0xx_hal_dac.o -MD -MF Debug/stm32f0xx_hal_dac.dep
  C:\SysGCC\arm-eabi/bin/arm-eabi-gcc.exe -ggdb -ffunction-sections -O0   -mcpu=cortex-m0 -mthumb -I. -IC:\Users\M\AppData\Local\VisualGDB\EmbeddedBSPs\arm-eabi\com.sysprogs.arm.stm32/STM32F0xxxx/STM32F0xx_HAL_Driver/Inc -IC:\Users\M\AppData\Local\VisualGDB\EmbeddedBSPs\arm-eabi\com.sysprogs.arm.stm32/STM32F0xxxx/STM32F0xx_HAL_Driver/Inc/Legacy -IC:\Users\M\AppData\Local\VisualGDB\EmbeddedBSPs\arm-eabi\com.sysprogs.arm.stm32/STM32F0xxxx/CMSIS_HAL/Device/ST/STM32F0xx/Include -IC:\Users\M\AppData\Local\VisualGDB\EmbeddedBSPs\arm-eabi\com.sysprogs.arm.stm32/STM32F0xxxx/CMSIS_HAL/Include -DDEBUG=1 -DARM_MATH_CM0 -DSTM32F031C6 -Dflash_layout -DSTM32F031x6  -c C:\Users\M\AppData\Local\VisualGDB\EmbeddedBSPs\arm-eabi\com.sysprogs.arm.stm32/STM32F0xxxx/STM32F0xx_HAL_Driver/Src/stm32f0xx_hal_dac_ex.c -o Debug/stm32f0xx_hal_dac_ex.o -MD -MF Debug/stm32f0xx_hal_dac_ex.dep
  C:\SysGCC\arm-eabi/bin/arm-eabi-gcc.exe -ggdb -ffunction-sections -O0   -mcpu=cortex-m0 -mthumb -I. -IC:\Users\M\AppData\Local\VisualGDB\EmbeddedBSPs\arm-eabi\com.sysprogs.arm.stm32/STM32F0xxxx/STM32F0xx_HAL_Driver/Inc -IC:\Users\M\AppData\Local\VisualGDB\EmbeddedBSPs\arm-eabi\com.sysprogs.arm.stm32/STM32F0xxxx/STM32F0xx_HAL_Driver/Inc/Legacy -IC:\Users\M\AppData\Local\VisualGDB\EmbeddedBSPs\arm-eabi\com.sysprogs.arm.stm32/STM32F0xxxx/CMSIS_HAL/Device/ST/STM32F0xx/Include -IC:\Users\M\AppData\Local\VisualGDB\EmbeddedBSPs\arm-eabi\com.sysprogs.arm.stm32/STM32F0xxxx/CMSIS_HAL/Include -DDEBUG=1 -DARM_MATH_CM0 -DSTM32F031C6 -Dflash_layout -DSTM32F031x6  -c C:\Users\M\AppData\Local\VisualGDB\EmbeddedBSPs\arm-eabi\com.sysprogs.arm.stm32/STM32F0xxxx/STM32F0xx_HAL_Driver/Src/stm32f0xx_hal_dma.c -o Debug/stm32f0xx_hal_dma.o -MD -MF Debug/stm32f0xx_hal_dma.dep
  C:\SysGCC\arm-eabi/bin/arm-eabi-gcc.exe -ggdb -ffunction-sections -O0   -mcpu=cortex-m0 -mthumb -I. -IC:\Users\M\AppData\Local\VisualGDB\EmbeddedBSPs\arm-eabi\com.sysprogs.arm.stm32/STM32F0xxxx/STM32F0xx_HAL_Driver/Inc -IC:\Users\M\AppData\Local\VisualGDB\EmbeddedBSPs\arm-eabi\com.sysprogs.arm.stm32/STM32F0xxxx/STM32F0xx_HAL_Driver/Inc/Legacy -IC:\Users\M\AppData\Local\VisualGDB\EmbeddedBSPs\arm-eabi\com.sysprogs.arm.stm32/STM32F0xxxx/CMSIS_HAL/Device/ST/STM32F0xx/Include -IC:\Users\M\AppData\Local\VisualGDB\EmbeddedBSPs\arm-eabi\com.sysprogs.arm.stm32/STM32F0xxxx/CMSIS_HAL/Include -DDEBUG=1 -DARM_MATH_CM0 -DSTM32F031C6 -Dflash_layout -DSTM32F031x6  -c C:\Users\M\AppData\Local\VisualGDB\EmbeddedBSPs\arm-eabi\com.sysprogs.arm.stm32/STM32F0xxxx/STM32F0xx_HAL_Driver/Src/stm32f0xx_hal_flash.c -o Debug/stm32f0xx_hal_flash.o -MD -MF Debug/stm32f0xx_hal_flash.dep
  C:\SysGCC\arm-eabi/bin/arm-eabi-gcc.exe -ggdb -ffunction-sections -O0   -mcpu=cortex-m0 -mthumb -I. -IC:\Users\M\AppData\Local\VisualGDB\EmbeddedBSPs\arm-eabi\com.sysprogs.arm.stm32/STM32F0xxxx/STM32F0xx_HAL_Driver/Inc -IC:\Users\M\AppData\Local\VisualGDB\EmbeddedBSPs\arm-eabi\com.sysprogs.arm.stm32/STM32F0xxxx/STM32F0xx_HAL_Driver/Inc/Legacy -IC:\Users\M\AppData\Local\VisualGDB\EmbeddedBSPs\arm-eabi\com.sysprogs.arm.stm32/STM32F0xxxx/CMSIS_HAL/Device/ST/STM32F0xx/Include -IC:\Users\M\AppData\Local\VisualGDB\EmbeddedBSPs\arm-eabi\com.sysprogs.arm.stm32/STM32F0xxxx/CMSIS_HAL/Include -DDEBUG=1 -DARM_MATH_CM0 -DSTM32F031C6 -Dflash_layout -DSTM32F031x6  -c C:\Users\M\AppData\Local\VisualGDB\EmbeddedBSPs\arm-eabi\com.sysprogs.arm.stm32/STM32F0xxxx/STM32F0xx_HAL_Driver/Src/stm32f0xx_hal_flash_ex.c -o Debug/stm32f0xx_hal_flash_ex.o -MD -MF Debug/stm32f0xx_hal_flash_ex.dep
  C:\SysGCC\arm-eabi/bin/arm-eabi-gcc.exe -ggdb -ffunction-sections -O0   -mcpu=cortex-m0 -mthumb -I. -IC:\Users\M\AppData\Local\VisualGDB\EmbeddedBSPs\arm-eabi\com.sysprogs.arm.stm32/STM32F0xxxx/STM32F0xx_HAL_Driver/Inc -IC:\Users\M\AppData\Local\VisualGDB\EmbeddedBSPs\arm-eabi\com.sysprogs.arm.stm32/STM32F0xxxx/STM32F0xx_HAL_Driver/Inc/Legacy -IC:\Users\M\AppData\Local\VisualGDB\EmbeddedBSPs\arm-eabi\com.sysprogs.arm.stm32/STM32F0xxxx/CMSIS_HAL/Device/ST/STM32F0xx/Include -IC:\Users\M\AppData\Local\VisualGDB\EmbeddedBSPs\arm-eabi\com.sysprogs.arm.stm32/STM32F0xxxx/CMSIS_HAL/Include -DDEBUG=1 -DARM_MATH_CM0 -DSTM32F031C6 -Dflash_layout -DSTM32F031x6  -c C:\Users\M\AppData\Local\VisualGDB\EmbeddedBSPs\arm-eabi\com.sysprogs.arm.stm32/STM32F0xxxx/STM32F0xx_HAL_Driver/Src/stm32f0xx_hal_gpio.c -o Debug/stm32f0xx_hal_gpio.o -MD -MF Debug/stm32f0xx_hal_gpio.dep
  C:\SysGCC\arm-eabi/bin/arm-eabi-gcc.exe -ggdb -ffunction-sections -O0   -mcpu=cortex-m0 -mthumb -I. -IC:\Users\M\AppData\Local\VisualGDB\EmbeddedBSPs\arm-eabi\com.sysprogs.arm.stm32/STM32F0xxxx/STM32F0xx_HAL_Driver/Inc -IC:\Users\M\AppData\Local\VisualGDB\EmbeddedBSPs\arm-eabi\com.sysprogs.arm.stm32/STM32F0xxxx/STM32F0xx_HAL_Driver/Inc/Legacy -IC:\Users\M\AppData\Local\VisualGDB\EmbeddedBSPs\arm-eabi\com.sysprogs.arm.stm32/STM32F0xxxx/CMSIS_HAL/Device/ST/STM32F0xx/Include -IC:\Users\M\AppData\Local\VisualGDB\EmbeddedBSPs\arm-eabi\com.sysprogs.arm.stm32/STM32F0xxxx/CMSIS_HAL/Include -DDEBUG=1 -DARM_MATH_CM0 -DSTM32F031C6 -Dflash_layout -DSTM32F031x6  -c C:\Users\M\AppData\Local\VisualGDB\EmbeddedBSPs\arm-eabi\com.sysprogs.arm.stm32/STM32F0xxxx/STM32F0xx_HAL_Driver/Src/stm32f0xx_hal_i2c.c -o Debug/stm32f0xx_hal_i2c.o -MD -MF Debug/stm32f0xx_hal_i2c.dep
  C:\SysGCC\arm-eabi/bin/arm-eabi-gcc.exe -ggdb -ffunction-sections -O0   -mcpu=cortex-m0 -mthumb -I. -IC:\Users\M\AppData\Local\VisualGDB\EmbeddedBSPs\arm-eabi\com.sysprogs.arm.stm32/STM32F0xxxx/STM32F0xx_HAL_Driver/Inc -IC:\Users\M\AppData\Local\VisualGDB\EmbeddedBSPs\arm-eabi\com.sysprogs.arm.stm32/STM32F0xxxx/STM32F0xx_HAL_Driver/Inc/Legacy -IC:\Users\M\AppData\Local\VisualGDB\EmbeddedBSPs\arm-eabi\com.sysprogs.arm.stm32/STM32F0xxxx/CMSIS_HAL/Device/ST/STM32F0xx/Include -IC:\Users\M\AppData\Local\VisualGDB\EmbeddedBSPs\arm-eabi\com.sysprogs.arm.stm32/STM32F0xxxx/CMSIS_HAL/Include -DDEBUG=1 -DARM_MATH_CM0 -DSTM32F031C6 -Dflash_layout -DSTM32F031x6  -c C:\Users\M\AppData\Local\VisualGDB\EmbeddedBSPs\arm-eabi\com.sysprogs.arm.stm32/STM32F0xxxx/STM32F0xx_HAL_Driver/Src/stm32f0xx_hal_i2c_ex.c -o Debug/stm32f0xx_hal_i2c_ex.o -MD -MF Debug/stm32f0xx_hal_i2c_ex.dep
  C:\SysGCC\arm-eabi/bin/arm-eabi-gcc.exe -ggdb -ffunction-sections -O0   -mcpu=cortex-m0 -mthumb -I. -IC:\Users\M\AppData\Local\VisualGDB\EmbeddedBSPs\arm-eabi\com.sysprogs.arm.stm32/STM32F0xxxx/STM32F0xx_HAL_Driver/Inc -IC:\Users\M\AppData\Local\VisualGDB\EmbeddedBSPs\arm-eabi\com.sysprogs.arm.stm32/STM32F0xxxx/STM32F0xx_HAL_Driver/Inc/Legacy -IC:\Users\M\AppData\Local\VisualGDB\EmbeddedBSPs\arm-eabi\com.sysprogs.arm.stm32/STM32F0xxxx/CMSIS_HAL/Device/ST/STM32F0xx/Include -IC:\Users\M\AppData\Local\VisualGDB\EmbeddedBSPs\arm-eabi\com.sysprogs.arm.stm32/STM32F0xxxx/CMSIS_HAL/Include -DDEBUG=1 -DARM_MATH_CM0 -DSTM32F031C6 -Dflash_layout -DSTM32F031x6  -c C:\Users\M\AppData\Local\VisualGDB\EmbeddedBSPs\arm-eabi\com.sysprogs.arm.stm32/STM32F0xxxx/STM32F0xx_HAL_Driver/Src/stm32f0xx_hal_i2s.c -o Debug/stm32f0xx_hal_i2s.o -MD -MF Debug/stm32f0xx_hal_i2s.dep
  C:\SysGCC\arm-eabi/bin/arm-eabi-gcc.exe -ggdb -ffunction-sections -O0   -mcpu=cortex-m0 -mthumb -I. -IC:\Users\M\AppData\Local\VisualGDB\EmbeddedBSPs\arm-eabi\com.sysprogs.arm.stm32/STM32F0xxxx/STM32F0xx_HAL_Driver/Inc -IC:\Users\M\AppData\Local\VisualGDB\EmbeddedBSPs\arm-eabi\com.sysprogs.arm.stm32/STM32F0xxxx/STM32F0xx_HAL_Driver/Inc/Legacy -IC:\Users\M\AppData\Local\VisualGDB\EmbeddedBSPs\arm-eabi\com.sysprogs.arm.stm32/STM32F0xxxx/CMSIS_HAL/Device/ST/STM32F0xx/Include -IC:\Users\M\AppData\Local\VisualGDB\EmbeddedBSPs\arm-eabi\com.sysprogs.arm.stm32/STM32F0xxxx/CMSIS_HAL/Include -DDEBUG=1 -DARM_MATH_CM0 -DSTM32F031C6 -Dflash_layout -DSTM32F031x6  -c C:\Users\M\AppData\Local\VisualGDB\EmbeddedBSPs\arm-eabi\com.sysprogs.arm.stm32/STM32F0xxxx/STM32F0xx_HAL_Driver/Src/stm32f0xx_hal_irda.c -o Debug/stm32f0xx_hal_irda.o -MD -MF Debug/stm32f0xx_hal_irda.dep
  C:\SysGCC\arm-eabi/bin/arm-eabi-gcc.exe -ggdb -ffunction-sections -O0   -mcpu=cortex-m0 -mthumb -I. -IC:\Users\M\AppData\Local\VisualGDB\EmbeddedBSPs\arm-eabi\com.sysprogs.arm.stm32/STM32F0xxxx/STM32F0xx_HAL_Driver/Inc -IC:\Users\M\AppData\Local\VisualGDB\EmbeddedBSPs\arm-eabi\com.sysprogs.arm.stm32/STM32F0xxxx/STM32F0xx_HAL_Driver/Inc/Legacy -IC:\Users\M\AppData\Local\VisualGDB\EmbeddedBSPs\arm-eabi\com.sysprogs.arm.stm32/STM32F0xxxx/CMSIS_HAL/Device/ST/STM32F0xx/Include -IC:\Users\M\AppData\Local\VisualGDB\EmbeddedBSPs\arm-eabi\com.sysprogs.arm.stm32/STM32F0xxxx/CMSIS_HAL/Include -DDEBUG=1 -DARM_MATH_CM0 -DSTM32F031C6 -Dflash_layout -DSTM32F031x6  -c C:\Users\M\AppData\Local\VisualGDB\EmbeddedBSPs\arm-eabi\com.sysprogs.arm.stm32/STM32F0xxxx/STM32F0xx_HAL_Driver/Src/stm32f0xx_hal_iwdg.c -o Debug/stm32f0xx_hal_iwdg.o -MD -MF Debug/stm32f0xx_hal_iwdg.dep
  C:\SysGCC\arm-eabi/bin/arm-eabi-gcc.exe -ggdb -ffunction-sections -O0   -mcpu=cortex-m0 -mthumb -I. -IC:\Users\M\AppData\Local\VisualGDB\EmbeddedBSPs\arm-eabi\com.sysprogs.arm.stm32/STM32F0xxxx/STM32F0xx_HAL_Driver/Inc -IC:\Users\M\AppData\Local\VisualGDB\EmbeddedBSPs\arm-eabi\com.sysprogs.arm.stm32/STM32F0xxxx/STM32F0xx_HAL_Driver/Inc/Legacy -IC:\Users\M\AppData\Local\VisualGDB\EmbeddedBSPs\arm-eabi\com.sysprogs.arm.stm32/STM32F0xxxx/CMSIS_HAL/Device/ST/STM32F0xx/Include -IC:\Users\M\AppData\Local\VisualGDB\EmbeddedBSPs\arm-eabi\com.sysprogs.arm.stm32/STM32F0xxxx/CMSIS_HAL/Include -DDEBUG=1 -DARM_MATH_CM0 -DSTM32F031C6 -Dflash_layout -DSTM32F031x6  -c C:\Users\M\AppData\Local\VisualGDB\EmbeddedBSPs\arm-eabi\com.sysprogs.arm.stm32/STM32F0xxxx/STM32F0xx_HAL_Driver/Src/stm32f0xx_hal_pcd.c -o Debug/stm32f0xx_hal_pcd.o -MD -MF Debug/stm32f0xx_hal_pcd.dep
  C:\SysGCC\arm-eabi/bin/arm-eabi-gcc.exe -ggdb -ffunction-sections -O0   -mcpu=cortex-m0 -mthumb -I. -IC:\Users\M\AppData\Local\VisualGDB\EmbeddedBSPs\arm-eabi\com.sysprogs.arm.stm32/STM32F0xxxx/STM32F0xx_HAL_Driver/Inc -IC:\Users\M\AppData\Local\VisualGDB\EmbeddedBSPs\arm-eabi\com.sysprogs.arm.stm32/STM32F0xxxx/STM32F0xx_HAL_Driver/Inc/Legacy -IC:\Users\M\AppData\Local\VisualGDB\EmbeddedBSPs\arm-eabi\com.sysprogs.arm.stm32/STM32F0xxxx/CMSIS_HAL/Device/ST/STM32F0xx/Include -IC:\Users\M\AppData\Local\VisualGDB\EmbeddedBSPs\arm-eabi\com.sysprogs.arm.stm32/STM32F0xxxx/CMSIS_HAL/Include -DDEBUG=1 -DARM_MATH_CM0 -DSTM32F031C6 -Dflash_layout -DSTM32F031x6  -c C:\Users\M\AppData\Local\VisualGDB\EmbeddedBSPs\arm-eabi\com.sysprogs.arm.stm32/STM32F0xxxx/STM32F0xx_HAL_Driver/Src/stm32f0xx_hal_pcd_ex.c -o Debug/stm32f0xx_hal_pcd_ex.o -MD -MF Debug/stm32f0xx_hal_pcd_ex.dep
  C:\SysGCC\arm-eabi/bin/arm-eabi-gcc.exe -ggdb -ffunction-sections -O0   -mcpu=cortex-m0 -mthumb -I. -IC:\Users\M\AppData\Local\VisualGDB\EmbeddedBSPs\arm-eabi\com.sysprogs.arm.stm32/STM32F0xxxx/STM32F0xx_HAL_Driver/Inc -IC:\Users\M\AppData\Local\VisualGDB\EmbeddedBSPs\arm-eabi\com.sysprogs.arm.stm32/STM32F0xxxx/STM32F0xx_HAL_Driver/Inc/Legacy -IC:\Users\M\AppData\Local\VisualGDB\EmbeddedBSPs\arm-eabi\com.sysprogs.arm.stm32/STM32F0xxxx/CMSIS_HAL/Device/ST/STM32F0xx/Include -IC:\Users\M\AppData\Local\VisualGDB\EmbeddedBSPs\arm-eabi\com.sysprogs.arm.stm32/STM32F0xxxx/CMSIS_HAL/Include -DDEBUG=1 -DARM_MATH_CM0 -DSTM32F031C6 -Dflash_layout -DSTM32F031x6  -c C:\Users\M\AppData\Local\VisualGDB\EmbeddedBSPs\arm-eabi\com.sysprogs.arm.stm32/STM32F0xxxx/STM32F0xx_HAL_Driver/Src/stm32f0xx_hal_pwr.c -o Debug/stm32f0xx_hal_pwr.o -MD -MF Debug/stm32f0xx_hal_pwr.dep
  C:\SysGCC\arm-eabi/bin/arm-eabi-gcc.exe -ggdb -ffunction-sections -O0   -mcpu=cortex-m0 -mthumb -I. -IC:\Users\M\AppData\Local\VisualGDB\EmbeddedBSPs\arm-eabi\com.sysprogs.arm.stm32/STM32F0xxxx/STM32F0xx_HAL_Driver/Inc -IC:\Users\M\AppData\Local\VisualGDB\EmbeddedBSPs\arm-eabi\com.sysprogs.arm.stm32/STM32F0xxxx/STM32F0xx_HAL_Driver/Inc/Legacy -IC:\Users\M\AppData\Local\VisualGDB\EmbeddedBSPs\arm-eabi\com.sysprogs.arm.stm32/STM32F0xxxx/CMSIS_HAL/Device/ST/STM32F0xx/Include -IC:\Users\M\AppData\Local\VisualGDB\EmbeddedBSPs\arm-eabi\com.sysprogs.arm.stm32/STM32F0xxxx/CMSIS_HAL/Include -DDEBUG=1 -DARM_MATH_CM0 -DSTM32F031C6 -Dflash_layout -DSTM32F031x6  -c C:\Users\M\AppData\Local\VisualGDB\EmbeddedBSPs\arm-eabi\com.sysprogs.arm.stm32/STM32F0xxxx/STM32F0xx_HAL_Driver/Src/stm32f0xx_hal_pwr_ex.c -o Debug/stm32f0xx_hal_pwr_ex.o -MD -MF Debug/stm32f0xx_hal_pwr_ex.dep
  C:\SysGCC\arm-eabi/bin/arm-eabi-gcc.exe -ggdb -ffunction-sections -O0   -mcpu=cortex-m0 -mthumb -I. -IC:\Users\M\AppData\Local\VisualGDB\EmbeddedBSPs\arm-eabi\com.sysprogs.arm.stm32/STM32F0xxxx/STM32F0xx_HAL_Driver/Inc -IC:\Users\M\AppData\Local\VisualGDB\EmbeddedBSPs\arm-eabi\com.sysprogs.arm.stm32/STM32F0xxxx/STM32F0xx_HAL_Driver/Inc/Legacy -IC:\Users\M\AppData\Local\VisualGDB\EmbeddedBSPs\arm-eabi\com.sysprogs.arm.stm32/STM32F0xxxx/CMSIS_HAL/Device/ST/STM32F0xx/Include -IC:\Users\M\AppData\Local\VisualGDB\EmbeddedBSPs\arm-eabi\com.sysprogs.arm.stm32/STM32F0xxxx/CMSIS_HAL/Include -DDEBUG=1 -DARM_MATH_CM0 -DSTM32F031C6 -Dflash_layout -DSTM32F031x6  -c C:\Users\M\AppData\Local\VisualGDB\EmbeddedBSPs\arm-eabi\com.sysprogs.arm.stm32/STM32F0xxxx/STM32F0xx_HAL_Driver/Src/stm32f0xx_hal_rcc.c -o Debug/stm32f0xx_hal_rcc.o -MD -MF Debug/stm32f0xx_hal_rcc.dep
  C:\SysGCC\arm-eabi/bin/arm-eabi-gcc.exe -ggdb -ffunction-sections -O0   -mcpu=cortex-m0 -mthumb -I. -IC:\Users\M\AppData\Local\VisualGDB\EmbeddedBSPs\arm-eabi\com.sysprogs.arm.stm32/STM32F0xxxx/STM32F0xx_HAL_Driver/Inc -IC:\Users\M\AppData\Local\VisualGDB\EmbeddedBSPs\arm-eabi\com.sysprogs.arm.stm32/STM32F0xxxx/STM32F0xx_HAL_Driver/Inc/Legacy -IC:\Users\M\AppData\Local\VisualGDB\EmbeddedBSPs\arm-eabi\com.sysprogs.arm.stm32/STM32F0xxxx/CMSIS_HAL/Device/ST/STM32F0xx/Include -IC:\Users\M\AppData\Local\VisualGDB\EmbeddedBSPs\arm-eabi\com.sysprogs.arm.stm32/STM32F0xxxx/CMSIS_HAL/Include -DDEBUG=1 -DARM_MATH_CM0 -DSTM32F031C6 -Dflash_layout -DSTM32F031x6  -c C:\Users\M\AppData\Local\VisualGDB\EmbeddedBSPs\arm-eabi\com.sysprogs.arm.stm32/STM32F0xxxx/STM32F0xx_HAL_Driver/Src/stm32f0xx_hal_rcc_ex.c -o Debug/stm32f0xx_hal_rcc_ex.o -MD -MF Debug/stm32f0xx_hal_rcc_ex.dep
  C:\SysGCC\arm-eabi/bin/arm-eabi-gcc.exe -ggdb -ffunction-sections -O0   -mcpu=cortex-m0 -mthumb -I. -IC:\Users\M\AppData\Local\VisualGDB\EmbeddedBSPs\arm-eabi\com.sysprogs.arm.stm32/STM32F0xxxx/STM32F0xx_HAL_Driver/Inc -IC:\Users\M\AppData\Local\VisualGDB\EmbeddedBSPs\arm-eabi\com.sysprogs.arm.stm32/STM32F0xxxx/STM32F0xx_HAL_Driver/Inc/Legacy -IC:\Users\M\AppData\Local\VisualGDB\EmbeddedBSPs\arm-eabi\com.sysprogs.arm.stm32/STM32F0xxxx/CMSIS_HAL/Device/ST/STM32F0xx/Include -IC:\Users\M\AppData\Local\VisualGDB\EmbeddedBSPs\arm-eabi\com.sysprogs.arm.stm32/STM32F0xxxx/CMSIS_HAL/Include -DDEBUG=1 -DARM_MATH_CM0 -DSTM32F031C6 -Dflash_layout -DSTM32F031x6  -c C:\Users\M\AppData\Local\VisualGDB\EmbeddedBSPs\arm-eabi\com.sysprogs.arm.stm32/STM32F0xxxx/STM32F0xx_HAL_Driver/Src/stm32f0xx_hal_rtc.c -o Debug/stm32f0xx_hal_rtc.o -MD -MF Debug/stm32f0xx_hal_rtc.dep
  C:\SysGCC\arm-eabi/bin/arm-eabi-gcc.exe -ggdb -ffunction-sections -O0   -mcpu=cortex-m0 -mthumb -I. -IC:\Users\M\AppData\Local\VisualGDB\EmbeddedBSPs\arm-eabi\com.sysprogs.arm.stm32/STM32F0xxxx/STM32F0xx_HAL_Driver/Inc -IC:\Users\M\AppData\Local\VisualGDB\EmbeddedBSPs\arm-eabi\com.sysprogs.arm.stm32/STM32F0xxxx/STM32F0xx_HAL_Driver/Inc/Legacy -IC:\Users\M\AppData\Local\VisualGDB\EmbeddedBSPs\arm-eabi\com.sysprogs.arm.stm32/STM32F0xxxx/CMSIS_HAL/Device/ST/STM32F0xx/Include -IC:\Users\M\AppData\Local\VisualGDB\EmbeddedBSPs\arm-eabi\com.sysprogs.arm.stm32/STM32F0xxxx/CMSIS_HAL/Include -DDEBUG=1 -DARM_MATH_CM0 -DSTM32F031C6 -Dflash_layout -DSTM32F031x6  -c C:\Users\M\AppData\Local\VisualGDB\EmbeddedBSPs\arm-eabi\com.sysprogs.arm.stm32/STM32F0xxxx/STM32F0xx_HAL_Driver/Src/stm32f0xx_hal_rtc_ex.c -o Debug/stm32f0xx_hal_rtc_ex.o -MD -MF Debug/stm32f0xx_hal_rtc_ex.dep
  C:\SysGCC\arm-eabi/bin/arm-eabi-gcc.exe -ggdb -ffunction-sections -O0   -mcpu=cortex-m0 -mthumb -I. -IC:\Users\M\AppData\Local\VisualGDB\EmbeddedBSPs\arm-eabi\com.sysprogs.arm.stm32/STM32F0xxxx/STM32F0xx_HAL_Driver/Inc -IC:\Users\M\AppData\Local\VisualGDB\EmbeddedBSPs\arm-eabi\com.sysprogs.arm.stm32/STM32F0xxxx/STM32F0xx_HAL_Driver/Inc/Legacy -IC:\Users\M\AppData\Local\VisualGDB\EmbeddedBSPs\arm-eabi\com.sysprogs.arm.stm32/STM32F0xxxx/CMSIS_HAL/Device/ST/STM32F0xx/Include -IC:\Users\M\AppData\Local\VisualGDB\EmbeddedBSPs\arm-eabi\com.sysprogs.arm.stm32/STM32F0xxxx/CMSIS_HAL/Include -DDEBUG=1 -DARM_MATH_CM0 -DSTM32F031C6 -Dflash_layout -DSTM32F031x6  -c C:\Users\M\AppData\Local\VisualGDB\EmbeddedBSPs\arm-eabi\com.sysprogs.arm.stm32/STM32F0xxxx/STM32F0xx_HAL_Driver/Src/stm32f0xx_hal_smartcard.c -o Debug/stm32f0xx_hal_smartcard.o -MD -MF Debug/stm32f0xx_hal_smartcard.dep
  C:\SysGCC\arm-eabi/bin/arm-eabi-gcc.exe -ggdb -ffunction-sections -O0   -mcpu=cortex-m0 -mthumb -I. -IC:\Users\M\AppData\Local\VisualGDB\EmbeddedBSPs\arm-eabi\com.sysprogs.arm.stm32/STM32F0xxxx/STM32F0xx_HAL_Driver/Inc -IC:\Users\M\AppData\Local\VisualGDB\EmbeddedBSPs\arm-eabi\com.sysprogs.arm.stm32/STM32F0xxxx/STM32F0xx_HAL_Driver/Inc/Legacy -IC:\Users\M\AppData\Local\VisualGDB\EmbeddedBSPs\arm-eabi\com.sysprogs.arm.stm32/STM32F0xxxx/CMSIS_HAL/Device/ST/STM32F0xx/Include -IC:\Users\M\AppData\Local\VisualGDB\EmbeddedBSPs\arm-eabi\com.sysprogs.arm.stm32/STM32F0xxxx/CMSIS_HAL/Include -DDEBUG=1 -DARM_MATH_CM0 -DSTM32F031C6 -Dflash_layout -DSTM32F031x6  -c C:\Users\M\AppData\Local\VisualGDB\EmbeddedBSPs\arm-eabi\com.sysprogs.arm.stm32/STM32F0xxxx/STM32F0xx_HAL_Driver/Src/stm32f0xx_hal_smartcard_ex.c -o Debug/stm32f0xx_hal_smartcard_ex.o -MD -MF Debug/stm32f0xx_hal_smartcard_ex.dep
  C:\SysGCC\arm-eabi/bin/arm-eabi-gcc.exe -ggdb -ffunction-sections -O0   -mcpu=cortex-m0 -mthumb -I. -IC:\Users\M\AppData\Local\VisualGDB\EmbeddedBSPs\arm-eabi\com.sysprogs.arm.stm32/STM32F0xxxx/STM32F0xx_HAL_Driver/Inc -IC:\Users\M\AppData\Local\VisualGDB\EmbeddedBSPs\arm-eabi\com.sysprogs.arm.stm32/STM32F0xxxx/STM32F0xx_HAL_Driver/Inc/Legacy -IC:\Users\M\AppData\Local\VisualGDB\EmbeddedBSPs\arm-eabi\com.sysprogs.arm.stm32/STM32F0xxxx/CMSIS_HAL/Device/ST/STM32F0xx/Include -IC:\Users\M\AppData\Local\VisualGDB\EmbeddedBSPs\arm-eabi\com.sysprogs.arm.stm32/STM32F0xxxx/CMSIS_HAL/Include -DDEBUG=1 -DARM_MATH_CM0 -DSTM32F031C6 -Dflash_layout -DSTM32F031x6  -c C:\Users\M\AppData\Local\VisualGDB\EmbeddedBSPs\arm-eabi\com.sysprogs.arm.stm32/STM32F0xxxx/STM32F0xx_HAL_Driver/Src/stm32f0xx_hal_smbus.c -o Debug/stm32f0xx_hal_smbus.o -MD -MF Debug/stm32f0xx_hal_smbus.dep
  C:\SysGCC\arm-eabi/bin/arm-eabi-gcc.exe -ggdb -ffunction-sections -O0   -mcpu=cortex-m0 -mthumb -I. -IC:\Users\M\AppData\Local\VisualGDB\EmbeddedBSPs\arm-eabi\com.sysprogs.arm.stm32/STM32F0xxxx/STM32F0xx_HAL_Driver/Inc -IC:\Users\M\AppData\Local\VisualGDB\EmbeddedBSPs\arm-eabi\com.sysprogs.arm.stm32/STM32F0xxxx/STM32F0xx_HAL_Driver/Inc/Legacy -IC:\Users\M\AppData\Local\VisualGDB\EmbeddedBSPs\arm-eabi\com.sysprogs.arm.stm32/STM32F0xxxx/CMSIS_HAL/Device/ST/STM32F0xx/Include -IC:\Users\M\AppData\Local\VisualGDB\EmbeddedBSPs\arm-eabi\com.sysprogs.arm.stm32/STM32F0xxxx/CMSIS_HAL/Include -DDEBUG=1 -DARM_MATH_CM0 -DSTM32F031C6 -Dflash_layout -DSTM32F031x6  -c C:\Users\M\AppData\Local\VisualGDB\EmbeddedBSPs\arm-eabi\com.sysprogs.arm.stm32/STM32F0xxxx/STM32F0xx_HAL_Driver/Src/stm32f0xx_hal_spi.c -o Debug/stm32f0xx_hal_spi.o -MD -MF Debug/stm32f0xx_hal_spi.dep
  C:\SysGCC\arm-eabi/bin/arm-eabi-gcc.exe -ggdb -ffunction-sections -O0   -mcpu=cortex-m0 -mthumb -I. -IC:\Users\M\AppData\Local\VisualGDB\EmbeddedBSPs\arm-eabi\com.sysprogs.arm.stm32/STM32F0xxxx/STM32F0xx_HAL_Driver/Inc -IC:\Users\M\AppData\Local\VisualGDB\EmbeddedBSPs\arm-eabi\com.sysprogs.arm.stm32/STM32F0xxxx/STM32F0xx_HAL_Driver/Inc/Legacy -IC:\Users\M\AppData\Local\VisualGDB\EmbeddedBSPs\arm-eabi\com.sysprogs.arm.stm32/STM32F0xxxx/CMSIS_HAL/Device/ST/STM32F0xx/Include -IC:\Users\M\AppData\Local\VisualGDB\EmbeddedBSPs\arm-eabi\com.sysprogs.arm.stm32/STM32F0xxxx/CMSIS_HAL/Include -DDEBUG=1 -DARM_MATH_CM0 -DSTM32F031C6 -Dflash_layout -DSTM32F031x6  -c C:\Users\M\AppData\Local\VisualGDB\EmbeddedBSPs\arm-eabi\com.sysprogs.arm.stm32/STM32F0xxxx/STM32F0xx_HAL_Driver/Src/stm32f0xx_hal_spi_ex.c -o Debug/stm32f0xx_hal_spi_ex.o -MD -MF Debug/stm32f0xx_hal_spi_ex.dep
  C:\SysGCC\arm-eabi/bin/arm-eabi-gcc.exe -ggdb -ffunction-sections -O0   -mcpu=cortex-m0 -mthumb -I. -IC:\Users\M\AppData\Local\VisualGDB\EmbeddedBSPs\arm-eabi\com.sysprogs.arm.stm32/STM32F0xxxx/STM32F0xx_HAL_Driver/Inc -IC:\Users\M\AppData\Local\VisualGDB\EmbeddedBSPs\arm-eabi\com.sysprogs.arm.stm32/STM32F0xxxx/STM32F0xx_HAL_Driver/Inc/Legacy -IC:\Users\M\AppData\Local\VisualGDB\EmbeddedBSPs\arm-eabi\com.sysprogs.arm.stm32/STM32F0xxxx/CMSIS_HAL/Device/ST/STM32F0xx/Include -IC:\Users\M\AppData\Local\VisualGDB\EmbeddedBSPs\arm-eabi\com.sysprogs.arm.stm32/STM32F0xxxx/CMSIS_HAL/Include -DDEBUG=1 -DARM_MATH_CM0 -DSTM32F031C6 -Dflash_layout -DSTM32F031x6  -c C:\Users\M\AppData\Local\VisualGDB\EmbeddedBSPs\arm-eabi\com.sysprogs.arm.stm32/STM32F0xxxx/STM32F0xx_HAL_Driver/Src/stm32f0xx_hal_tim.c -o Debug/stm32f0xx_hal_tim.o -MD -MF Debug/stm32f0xx_hal_tim.dep
  C:\SysGCC\arm-eabi/bin/arm-eabi-gcc.exe -ggdb -ffunction-sections -O0   -mcpu=cortex-m0 -mthumb -I. -IC:\Users\M\AppData\Local\VisualGDB\EmbeddedBSPs\arm-eabi\com.sysprogs.arm.stm32/STM32F0xxxx/STM32F0xx_HAL_Driver/Inc -IC:\Users\M\AppData\Local\VisualGDB\EmbeddedBSPs\arm-eabi\com.sysprogs.arm.stm32/STM32F0xxxx/STM32F0xx_HAL_Driver/Inc/Legacy -IC:\Users\M\AppData\Local\VisualGDB\EmbeddedBSPs\arm-eabi\com.sysprogs.arm.stm32/STM32F0xxxx/CMSIS_HAL/Device/ST/STM32F0xx/Include -IC:\Users\M\AppData\Local\VisualGDB\EmbeddedBSPs\arm-eabi\com.sysprogs.arm.stm32/STM32F0xxxx/CMSIS_HAL/Include -DDEBUG=1 -DARM_MATH_CM0 -DSTM32F031C6 -Dflash_layout -DSTM32F031x6  -c C:\Users\M\AppData\Local\VisualGDB\EmbeddedBSPs\arm-eabi\com.sysprogs.arm.stm32/STM32F0xxxx/STM32F0xx_HAL_Driver/Src/stm32f0xx_hal_tim_ex.c -o Debug/stm32f0xx_hal_tim_ex.o -MD -MF Debug/stm32f0xx_hal_tim_ex.dep
  C:\SysGCC\arm-eabi/bin/arm-eabi-gcc.exe -ggdb -ffunction-sections -O0   -mcpu=cortex-m0 -mthumb -I. -IC:\Users\M\AppData\Local\VisualGDB\EmbeddedBSPs\arm-eabi\com.sysprogs.arm.stm32/STM32F0xxxx/STM32F0xx_HAL_Driver/Inc -IC:\Users\M\AppData\Local\VisualGDB\EmbeddedBSPs\arm-eabi\com.sysprogs.arm.stm32/STM32F0xxxx/STM32F0xx_HAL_Driver/Inc/Legacy -IC:\Users\M\AppData\Local\VisualGDB\EmbeddedBSPs\arm-eabi\com.sysprogs.arm.stm32/STM32F0xxxx/CMSIS_HAL/Device/ST/STM32F0xx/Include -IC:\Users\M\AppData\Local\VisualGDB\EmbeddedBSPs\arm-eabi\com.sysprogs.arm.stm32/STM32F0xxxx/CMSIS_HAL/Include -DDEBUG=1 -DARM_MATH_CM0 -DSTM32F031C6 -Dflash_layout -DSTM32F031x6  -c C:\Users\M\AppData\Local\VisualGDB\EmbeddedBSPs\arm-eabi\com.sysprogs.arm.stm32/STM32F0xxxx/STM32F0xx_HAL_Driver/Src/stm32f0xx_hal_tsc.c -o Debug/stm32f0xx_hal_tsc.o -MD -MF Debug/stm32f0xx_hal_tsc.dep
  C:\SysGCC\arm-eabi/bin/arm-eabi-gcc.exe -ggdb -ffunction-sections -O0   -mcpu=cortex-m0 -mthumb -I. -IC:\Users\M\AppData\Local\VisualGDB\EmbeddedBSPs\arm-eabi\com.sysprogs.arm.stm32/STM32F0xxxx/STM32F0xx_HAL_Driver/Inc -IC:\Users\M\AppData\Local\VisualGDB\EmbeddedBSPs\arm-eabi\com.sysprogs.arm.stm32/STM32F0xxxx/STM32F0xx_HAL_Driver/Inc/Legacy -IC:\Users\M\AppData\Local\VisualGDB\EmbeddedBSPs\arm-eabi\com.sysprogs.arm.stm32/STM32F0xxxx/CMSIS_HAL/Device/ST/STM32F0xx/Include -IC:\Users\M\AppData\Local\VisualGDB\EmbeddedBSPs\arm-eabi\com.sysprogs.arm.stm32/STM32F0xxxx/CMSIS_HAL/Include -DDEBUG=1 -DARM_MATH_CM0 -DSTM32F031C6 -Dflash_layout -DSTM32F031x6  -c C:\Users\M\AppData\Local\VisualGDB\EmbeddedBSPs\arm-eabi\com.sysprogs.arm.stm32/STM32F0xxxx/STM32F0xx_HAL_Driver/Src/stm32f0xx_hal_uart.c -o Debug/stm32f0xx_hal_uart.o -MD -MF Debug/stm32f0xx_hal_uart.dep
  C:\SysGCC\arm-eabi/bin/arm-eabi-gcc.exe -ggdb -ffunction-sections -O0   -mcpu=cortex-m0 -mthumb -I. -IC:\Users\M\AppData\Local\VisualGDB\EmbeddedBSPs\arm-eabi\com.sysprogs.arm.stm32/STM32F0xxxx/STM32F0xx_HAL_Driver/Inc -IC:\Users\M\AppData\Local\VisualGDB\EmbeddedBSPs\arm-eabi\com.sysprogs.arm.stm32/STM32F0xxxx/STM32F0xx_HAL_Driver/Inc/Legacy -IC:\Users\M\AppData\Local\VisualGDB\EmbeddedBSPs\arm-eabi\com.sysprogs.arm.stm32/STM32F0xxxx/CMSIS_HAL/Device/ST/STM32F0xx/Include -IC:\Users\M\AppData\Local\VisualGDB\EmbeddedBSPs\arm-eabi\com.sysprogs.arm.stm32/STM32F0xxxx/CMSIS_HAL/Include -DDEBUG=1 -DARM_MATH_CM0 -DSTM32F031C6 -Dflash_layout -DSTM32F031x6  -c C:\Users\M\AppData\Local\VisualGDB\EmbeddedBSPs\arm-eabi\com.sysprogs.arm.stm32/STM32F0xxxx/STM32F0xx_HAL_Driver/Src/stm32f0xx_hal_uart_ex.c -o Debug/stm32f0xx_hal_uart_ex.o -MD -MF Debug/stm32f0xx_hal_uart_ex.dep
  C:\SysGCC\arm-eabi/bin/arm-eabi-gcc.exe -ggdb -ffunction-sections -O0   -mcpu=cortex-m0 -mthumb -I. -IC:\Users\M\AppData\Local\VisualGDB\EmbeddedBSPs\arm-eabi\com.sysprogs.arm.stm32/STM32F0xxxx/STM32F0xx_HAL_Driver/Inc -IC:\Users\M\AppData\Local\VisualGDB\EmbeddedBSPs\arm-eabi\com.sysprogs.arm.stm32/STM32F0xxxx/STM32F0xx_HAL_Driver/Inc/Legacy -IC:\Users\M\AppData\Local\VisualGDB\EmbeddedBSPs\arm-eabi\com.sysprogs.arm.stm32/STM32F0xxxx/CMSIS_HAL/Device/ST/STM32F0xx/Include -IC:\Users\M\AppData\Local\VisualGDB\EmbeddedBSPs\arm-eabi\com.sysprogs.arm.stm32/STM32F0xxxx/CMSIS_HAL/Include -DDEBUG=1 -DARM_MATH_CM0 -DSTM32F031C6 -Dflash_layout -DSTM32F031x6  -c C:\Users\M\AppData\Local\VisualGDB\EmbeddedBSPs\arm-eabi\com.sysprogs.arm.stm32/STM32F0xxxx/STM32F0xx_HAL_Driver/Src/stm32f0xx_hal_usart.c -o Debug/stm32f0xx_hal_usart.o -MD -MF Debug/stm32f0xx_hal_usart.dep
  C:\SysGCC\arm-eabi/bin/arm-eabi-gcc.exe -ggdb -ffunction-sections -O0   -mcpu=cortex-m0 -mthumb -I. -IC:\Users\M\AppData\Local\VisualGDB\EmbeddedBSPs\arm-eabi\com.sysprogs.arm.stm32/STM32F0xxxx/STM32F0xx_HAL_Driver/Inc -IC:\Users\M\AppData\Local\VisualGDB\EmbeddedBSPs\arm-eabi\com.sysprogs.arm.stm32/STM32F0xxxx/STM32F0xx_HAL_Driver/Inc/Legacy -IC:\Users\M\AppData\Local\VisualGDB\EmbeddedBSPs\arm-eabi\com.sysprogs.arm.stm32/STM32F0xxxx/CMSIS_HAL/Device/ST/STM32F0xx/Include -IC:\Users\M\AppData\Local\VisualGDB\EmbeddedBSPs\arm-eabi\com.sysprogs.arm.stm32/STM32F0xxxx/CMSIS_HAL/Include -DDEBUG=1 -DARM_MATH_CM0 -DSTM32F031C6 -Dflash_layout -DSTM32F031x6  -c C:\Users\M\AppData\Local\VisualGDB\EmbeddedBSPs\arm-eabi\com.sysprogs.arm.stm32/STM32F0xxxx/STM32F0xx_HAL_Driver/Src/stm32f0xx_hal_wwdg.c -o Debug/stm32f0xx_hal_wwdg.o -MD -MF Debug/stm32f0xx_hal_wwdg.dep
  C:\SysGCC\arm-eabi/bin/arm-eabi-gcc.exe -ggdb -ffunction-sections -O0   -mcpu=cortex-m0 -mthumb -I. -IC:\Users\M\AppData\Local\VisualGDB\EmbeddedBSPs\arm-eabi\com.sysprogs.arm.stm32/STM32F0xxxx/STM32F0xx_HAL_Driver/Inc -IC:\Users\M\AppData\Local\VisualGDB\EmbeddedBSPs\arm-eabi\com.sysprogs.arm.stm32/STM32F0xxxx/STM32F0xx_HAL_Driver/Inc/Legacy -IC:\Users\M\AppData\Local\VisualGDB\EmbeddedBSPs\arm-eabi\com.sysprogs.arm.stm32/STM32F0xxxx/CMSIS_HAL/Device/ST/STM32F0xx/Include -IC:\Users\M\AppData\Local\VisualGDB\EmbeddedBSPs\arm-eabi\com.sysprogs.arm.stm32/STM32F0xxxx/CMSIS_HAL/Include -DDEBUG=1 -DARM_MATH_CM0 -DSTM32F031C6 -Dflash_layout -DSTM32F031x6  -c C:\Users\M\AppData\Local\VisualGDB\EmbeddedBSPs\arm-eabi\com.sysprogs.arm.stm32/STM32F0xxxx/STM32F0xx_HAL_Driver/Src/stm32f0xx_ll_adc.c -o Debug/stm32f0xx_ll_adc.o -MD -MF Debug/stm32f0xx_ll_adc.dep
  C:\SysGCC\arm-eabi/bin/arm-eabi-gcc.exe -ggdb -ffunction-sections -O0   -mcpu=cortex-m0 -mthumb -I. -IC:\Users\M\AppData\Local\VisualGDB\EmbeddedBSPs\arm-eabi\com.sysprogs.arm.stm32/STM32F0xxxx/STM32F0xx_HAL_Driver/Inc -IC:\Users\M\AppData\Local\VisualGDB\EmbeddedBSPs\arm-eabi\com.sysprogs.arm.stm32/STM32F0xxxx/STM32F0xx_HAL_Driver/Inc/Legacy -IC:\Users\M\AppData\Local\VisualGDB\EmbeddedBSPs\arm-eabi\com.sysprogs.arm.stm32/STM32F0xxxx/CMSIS_HAL/Device/ST/STM32F0xx/Include -IC:\Users\M\AppData\Local\VisualGDB\EmbeddedBSPs\arm-eabi\com.sysprogs.arm.stm32/STM32F0xxxx/CMSIS_HAL/Include -DDEBUG=1 -DARM_MATH_CM0 -DSTM32F031C6 -Dflash_layout -DSTM32F031x6  -c C:\Users\M\AppData\Local\VisualGDB\EmbeddedBSPs\arm-eabi\com.sysprogs.arm.stm32/STM32F0xxxx/STM32F0xx_HAL_Driver/Src/stm32f0xx_ll_comp.c -o Debug/stm32f0xx_ll_comp.o -MD -MF Debug/stm32f0xx_ll_comp.dep
  C:\SysGCC\arm-eabi/bin/arm-eabi-gcc.exe -ggdb -ffunction-sections -O0   -mcpu=cortex-m0 -mthumb -I. -IC:\Users\M\AppData\Local\VisualGDB\EmbeddedBSPs\arm-eabi\com.sysprogs.arm.stm32/STM32F0xxxx/STM32F0xx_HAL_Driver/Inc -IC:\Users\M\AppData\Local\VisualGDB\EmbeddedBSPs\arm-eabi\com.sysprogs.arm.stm32/STM32F0xxxx/STM32F0xx_HAL_Driver/Inc/Legacy -IC:\Users\M\AppData\Local\VisualGDB\EmbeddedBSPs\arm-eabi\com.sysprogs.arm.stm32/STM32F0xxxx/CMSIS_HAL/Device/ST/STM32F0xx/Include -IC:\Users\M\AppData\Local\VisualGDB\EmbeddedBSPs\arm-eabi\com.sysprogs.arm.stm32/STM32F0xxxx/CMSIS_HAL/Include -DDEBUG=1 -DARM_MATH_CM0 -DSTM32F031C6 -Dflash_layout -DSTM32F031x6  -c C:\Users\M\AppData\Local\VisualGDB\EmbeddedBSPs\arm-eabi\com.sysprogs.arm.stm32/STM32F0xxxx/STM32F0xx_HAL_Driver/Src/stm32f0xx_ll_crc.c -o Debug/stm32f0xx_ll_crc.o -MD -MF Debug/stm32f0xx_ll_crc.dep
  C:\SysGCC\arm-eabi/bin/arm-eabi-gcc.exe -ggdb -ffunction-sections -O0   -mcpu=cortex-m0 -mthumb -I. -IC:\Users\M\AppData\Local\VisualGDB\EmbeddedBSPs\arm-eabi\com.sysprogs.arm.stm32/STM32F0xxxx/STM32F0xx_HAL_Driver/Inc -IC:\Users\M\AppData\Local\VisualGDB\EmbeddedBSPs\arm-eabi\com.sysprogs.arm.stm32/STM32F0xxxx/STM32F0xx_HAL_Driver/Inc/Legacy -IC:\Users\M\AppData\Local\VisualGDB\EmbeddedBSPs\arm-eabi\com.sysprogs.arm.stm32/STM32F0xxxx/CMSIS_HAL/Device/ST/STM32F0xx/Include -IC:\Users\M\AppData\Local\VisualGDB\EmbeddedBSPs\arm-eabi\com.sysprogs.arm.stm32/STM32F0xxxx/CMSIS_HAL/Include -DDEBUG=1 -DARM_MATH_CM0 -DSTM32F031C6 -Dflash_layout -DSTM32F031x6  -c C:\Users\M\AppData\Local\VisualGDB\EmbeddedBSPs\arm-eabi\com.sysprogs.arm.stm32/STM32F0xxxx/STM32F0xx_HAL_Driver/Src/stm32f0xx_ll_crs.c -o Debug/stm32f0xx_ll_crs.o -MD -MF Debug/stm32f0xx_ll_crs.dep
  C:\SysGCC\arm-eabi/bin/arm-eabi-gcc.exe -ggdb -ffunction-sections -O0   -mcpu=cortex-m0 -mthumb -I. -IC:\Users\M\AppData\Local\VisualGDB\EmbeddedBSPs\arm-eabi\com.sysprogs.arm.stm32/STM32F0xxxx/STM32F0xx_HAL_Driver/Inc -IC:\Users\M\AppData\Local\VisualGDB\EmbeddedBSPs\arm-eabi\com.sysprogs.arm.stm32/STM32F0xxxx/STM32F0xx_HAL_Driver/Inc/Legacy -IC:\Users\M\AppData\Local\VisualGDB\EmbeddedBSPs\arm-eabi\com.sysprogs.arm.stm32/STM32F0xxxx/CMSIS_HAL/Device/ST/STM32F0xx/Include -IC:\Users\M\AppData\Local\VisualGDB\EmbeddedBSPs\arm-eabi\com.sysprogs.arm.stm32/STM32F0xxxx/CMSIS_HAL/Include -DDEBUG=1 -DARM_MATH_CM0 -DSTM32F031C6 -Dflash_layout -DSTM32F031x6  -c C:\Users\M\AppData\Local\VisualGDB\EmbeddedBSPs\arm-eabi\com.sysprogs.arm.stm32/STM32F0xxxx/STM32F0xx_HAL_Driver/Src/stm32f0xx_ll_dac.c -o Debug/stm32f0xx_ll_dac.o -MD -MF Debug/stm32f0xx_ll_dac.dep
  C:\SysGCC\arm-eabi/bin/arm-eabi-gcc.exe -ggdb -ffunction-sections -O0   -mcpu=cortex-m0 -mthumb -I. -IC:\Users\M\AppData\Local\VisualGDB\EmbeddedBSPs\arm-eabi\com.sysprogs.arm.stm32/STM32F0xxxx/STM32F0xx_HAL_Driver/Inc -IC:\Users\M\AppData\Local\VisualGDB\EmbeddedBSPs\arm-eabi\com.sysprogs.arm.stm32/STM32F0xxxx/STM32F0xx_HAL_Driver/Inc/Legacy -IC:\Users\M\AppData\Local\VisualGDB\EmbeddedBSPs\arm-eabi\com.sysprogs.arm.stm32/STM32F0xxxx/CMSIS_HAL/Device/ST/STM32F0xx/Include -IC:\Users\M\AppData\Local\VisualGDB\EmbeddedBSPs\arm-eabi\com.sysprogs.arm.stm32/STM32F0xxxx/CMSIS_HAL/Include -DDEBUG=1 -DARM_MATH_CM0 -DSTM32F031C6 -Dflash_layout -DSTM32F031x6  -c C:\Users\M\AppData\Local\VisualGDB\EmbeddedBSPs\arm-eabi\com.sysprogs.arm.stm32/STM32F0xxxx/STM32F0xx_HAL_Driver/Src/stm32f0xx_ll_dma.c -o Debug/stm32f0xx_ll_dma.o -MD -MF Debug/stm32f0xx_ll_dma.dep
  C:\SysGCC\arm-eabi/bin/arm-eabi-gcc.exe -ggdb -ffunction-sections -O0   -mcpu=cortex-m0 -mthumb -I. -IC:\Users\M\AppData\Local\VisualGDB\EmbeddedBSPs\arm-eabi\com.sysprogs.arm.stm32/STM32F0xxxx/STM32F0xx_HAL_Driver/Inc -IC:\Users\M\AppData\Local\VisualGDB\EmbeddedBSPs\arm-eabi\com.sysprogs.arm.stm32/STM32F0xxxx/STM32F0xx_HAL_Driver/Inc/Legacy -IC:\Users\M\AppData\Local\VisualGDB\EmbeddedBSPs\arm-eabi\com.sysprogs.arm.stm32/STM32F0xxxx/CMSIS_HAL/Device/ST/STM32F0xx/Include -IC:\Users\M\AppData\Local\VisualGDB\EmbeddedBSPs\arm-eabi\com.sysprogs.arm.stm32/STM32F0xxxx/CMSIS_HAL/Include -DDEBUG=1 -DARM_MATH_CM0 -DSTM32F031C6 -Dflash_layout -DSTM32F031x6  -c C:\Users\M\AppData\Local\VisualGDB\EmbeddedBSPs\arm-eabi\com.sysprogs.arm.stm32/STM32F0xxxx/STM32F0xx_HAL_Driver/Src/stm32f0xx_ll_exti.c -o Debug/stm32f0xx_ll_exti.o -MD -MF Debug/stm32f0xx_ll_exti.dep
  C:\SysGCC\arm-eabi/bin/arm-eabi-gcc.exe -ggdb -ffunction-sections -O0   -mcpu=cortex-m0 -mthumb -I. -IC:\Users\M\AppData\Local\VisualGDB\EmbeddedBSPs\arm-eabi\com.sysprogs.arm.stm32/STM32F0xxxx/STM32F0xx_HAL_Driver/Inc -IC:\Users\M\AppData\Local\VisualGDB\EmbeddedBSPs\arm-eabi\com.sysprogs.arm.stm32/STM32F0xxxx/STM32F0xx_HAL_Driver/Inc/Legacy -IC:\Users\M\AppData\Local\VisualGDB\EmbeddedBSPs\arm-eabi\com.sysprogs.arm.stm32/STM32F0xxxx/CMSIS_HAL/Device/ST/STM32F0xx/Include -IC:\Users\M\AppData\Local\VisualGDB\EmbeddedBSPs\arm-eabi\com.sysprogs.arm.stm32/STM32F0xxxx/CMSIS_HAL/Include -DDEBUG=1 -DARM_MATH_CM0 -DSTM32F031C6 -Dflash_layout -DSTM32F031x6  -c C:\Users\M\AppData\Local\VisualGDB\EmbeddedBSPs\arm-eabi\com.sysprogs.arm.stm32/STM32F0xxxx/STM32F0xx_HAL_Driver/Src/stm32f0xx_ll_gpio.c -o Debug/stm32f0xx_ll_gpio.o -MD -MF Debug/stm32f0xx_ll_gpio.dep
  C:\SysGCC\arm-eabi/bin/arm-eabi-gcc.exe -ggdb -ffunction-sections -O0   -mcpu=cortex-m0 -mthumb -I. -IC:\Users\M\AppData\Local\VisualGDB\EmbeddedBSPs\arm-eabi\com.sysprogs.arm.stm32/STM32F0xxxx/STM32F0xx_HAL_Driver/Inc -IC:\Users\M\AppData\Local\VisualGDB\EmbeddedBSPs\arm-eabi\com.sysprogs.arm.stm32/STM32F0xxxx/STM32F0xx_HAL_Driver/Inc/Legacy -IC:\Users\M\AppData\Local\VisualGDB\EmbeddedBSPs\arm-eabi\com.sysprogs.arm.stm32/STM32F0xxxx/CMSIS_HAL/Device/ST/STM32F0xx/Include -IC:\Users\M\AppData\Local\VisualGDB\EmbeddedBSPs\arm-eabi\com.sysprogs.arm.stm32/STM32F0xxxx/CMSIS_HAL/Include -DDEBUG=1 -DARM_MATH_CM0 -DSTM32F031C6 -Dflash_layout -DSTM32F031x6  -c C:\Users\M\AppData\Local\VisualGDB\EmbeddedBSPs\arm-eabi\com.sysprogs.arm.stm32/STM32F0xxxx/STM32F0xx_HAL_Driver/Src/stm32f0xx_ll_i2c.c -o Debug/stm32f0xx_ll_i2c.o -MD -MF Debug/stm32f0xx_ll_i2c.dep
  C:\SysGCC\arm-eabi/bin/arm-eabi-gcc.exe -ggdb -ffunction-sections -O0   -mcpu=cortex-m0 -mthumb -I. -IC:\Users\M\AppData\Local\VisualGDB\EmbeddedBSPs\arm-eabi\com.sysprogs.arm.stm32/STM32F0xxxx/STM32F0xx_HAL_Driver/Inc -IC:\Users\M\AppData\Local\VisualGDB\EmbeddedBSPs\arm-eabi\com.sysprogs.arm.stm32/STM32F0xxxx/STM32F0xx_HAL_Driver/Inc/Legacy -IC:\Users\M\AppData\Local\VisualGDB\EmbeddedBSPs\arm-eabi\com.sysprogs.arm.stm32/STM32F0xxxx/CMSIS_HAL/Device/ST/STM32F0xx/Include -IC:\Users\M\AppData\Local\VisualGDB\EmbeddedBSPs\arm-eabi\com.sysprogs.arm.stm32/STM32F0xxxx/CMSIS_HAL/Include -DDEBUG=1 -DARM_MATH_CM0 -DSTM32F031C6 -Dflash_layout -DSTM32F031x6  -c C:\Users\M\AppData\Local\VisualGDB\EmbeddedBSPs\arm-eabi\com.sysprogs.arm.stm32/STM32F0xxxx/STM32F0xx_HAL_Driver/Src/stm32f0xx_ll_pwr.c -o Debug/stm32f0xx_ll_pwr.o -MD -MF Debug/stm32f0xx_ll_pwr.dep
  C:\SysGCC\arm-eabi/bin/arm-eabi-gcc.exe -ggdb -ffunction-sections -O0   -mcpu=cortex-m0 -mthumb -I. -IC:\Users\M\AppData\Local\VisualGDB\EmbeddedBSPs\arm-eabi\com.sysprogs.arm.stm32/STM32F0xxxx/STM32F0xx_HAL_Driver/Inc -IC:\Users\M\AppData\Local\VisualGDB\EmbeddedBSPs\arm-eabi\com.sysprogs.arm.stm32/STM32F0xxxx/STM32F0xx_HAL_Driver/Inc/Legacy -IC:\Users\M\AppData\Local\VisualGDB\EmbeddedBSPs\arm-eabi\com.sysprogs.arm.stm32/STM32F0xxxx/CMSIS_HAL/Device/ST/STM32F0xx/Include -IC:\Users\M\AppData\Local\VisualGDB\EmbeddedBSPs\arm-eabi\com.sysprogs.arm.stm32/STM32F0xxxx/CMSIS_HAL/Include -DDEBUG=1 -DARM_MATH_CM0 -DSTM32F031C6 -Dflash_layout -DSTM32F031x6  -c C:\Users\M\AppData\Local\VisualGDB\EmbeddedBSPs\arm-eabi\com.sysprogs.arm.stm32/STM32F0xxxx/STM32F0xx_HAL_Driver/Src/stm32f0xx_ll_rcc.c -o Debug/stm32f0xx_ll_rcc.o -MD -MF Debug/stm32f0xx_ll_rcc.dep
  C:\SysGCC\arm-eabi/bin/arm-eabi-gcc.exe -ggdb -ffunction-sections -O0   -mcpu=cortex-m0 -mthumb -I. -IC:\Users\M\AppData\Local\VisualGDB\EmbeddedBSPs\arm-eabi\com.sysprogs.arm.stm32/STM32F0xxxx/STM32F0xx_HAL_Driver/Inc -IC:\Users\M\AppData\Local\VisualGDB\EmbeddedBSPs\arm-eabi\com.sysprogs.arm.stm32/STM32F0xxxx/STM32F0xx_HAL_Driver/Inc/Legacy -IC:\Users\M\AppData\Local\VisualGDB\EmbeddedBSPs\arm-eabi\com.sysprogs.arm.stm32/STM32F0xxxx/CMSIS_HAL/Device/ST/STM32F0xx/Include -IC:\Users\M\AppData\Local\VisualGDB\EmbeddedBSPs\arm-eabi\com.sysprogs.arm.stm32/STM32F0xxxx/CMSIS_HAL/Include -DDEBUG=1 -DARM_MATH_CM0 -DSTM32F031C6 -Dflash_layout -DSTM32F031x6  -c C:\Users\M\AppData\Local\VisualGDB\EmbeddedBSPs\arm-eabi\com.sysprogs.arm.stm32/STM32F0xxxx/STM32F0xx_HAL_Driver/Src/stm32f0xx_ll_rtc.c -o Debug/stm32f0xx_ll_rtc.o -MD -MF Debug/stm32f0xx_ll_rtc.dep
  C:\SysGCC\arm-eabi/bin/arm-eabi-gcc.exe -ggdb -ffunction-sections -O0   -mcpu=cortex-m0 -mthumb -I. -IC:\Users\M\AppData\Local\VisualGDB\EmbeddedBSPs\arm-eabi\com.sysprogs.arm.stm32/STM32F0xxxx/STM32F0xx_HAL_Driver/Inc -IC:\Users\M\AppData\Local\VisualGDB\EmbeddedBSPs\arm-eabi\com.sysprogs.arm.stm32/STM32F0xxxx/STM32F0xx_HAL_Driver/Inc/Legacy -IC:\Users\M\AppData\Local\VisualGDB\EmbeddedBSPs\arm-eabi\com.sysprogs.arm.stm32/STM32F0xxxx/CMSIS_HAL/Device/ST/STM32F0xx/Include -IC:\Users\M\AppData\Local\VisualGDB\EmbeddedBSPs\arm-eabi\com.sysprogs.arm.stm32/STM32F0xxxx/CMSIS_HAL/Include -DDEBUG=1 -DARM_MATH_CM0 -DSTM32F031C6 -Dflash_layout -DSTM32F031x6  -c C:\Users\M\AppData\Local\VisualGDB\EmbeddedBSPs\arm-eabi\com.sysprogs.arm.stm32/STM32F0xxxx/STM32F0xx_HAL_Driver/Src/stm32f0xx_ll_spi.c -o Debug/stm32f0xx_ll_spi.o -MD -MF Debug/stm32f0xx_ll_spi.dep
  C:\SysGCC\arm-eabi/bin/arm-eabi-gcc.exe -ggdb -ffunction-sections -O0   -mcpu=cortex-m0 -mthumb -I. -IC:\Users\M\AppData\Local\VisualGDB\EmbeddedBSPs\arm-eabi\com.sysprogs.arm.stm32/STM32F0xxxx/STM32F0xx_HAL_Driver/Inc -IC:\Users\M\AppData\Local\VisualGDB\EmbeddedBSPs\arm-eabi\com.sysprogs.arm.stm32/STM32F0xxxx/STM32F0xx_HAL_Driver/Inc/Legacy -IC:\Users\M\AppData\Local\VisualGDB\EmbeddedBSPs\arm-eabi\com.sysprogs.arm.stm32/STM32F0xxxx/CMSIS_HAL/Device/ST/STM32F0xx/Include -IC:\Users\M\AppData\Local\VisualGDB\EmbeddedBSPs\arm-eabi\com.sysprogs.arm.stm32/STM32F0xxxx/CMSIS_HAL/Include -DDEBUG=1 -DARM_MATH_CM0 -DSTM32F031C6 -Dflash_layout -DSTM32F031x6  -c C:\Users\M\AppData\Local\VisualGDB\EmbeddedBSPs\arm-eabi\com.sysprogs.arm.stm32/STM32F0xxxx/STM32F0xx_HAL_Driver/Src/stm32f0xx_ll_tim.c -o Debug/stm32f0xx_ll_tim.o -MD -MF Debug/stm32f0xx_ll_tim.dep
  C:\SysGCC\arm-eabi/bin/arm-eabi-gcc.exe -ggdb -ffunction-sections -O0   -mcpu=cortex-m0 -mthumb -I. -IC:\Users\M\AppData\Local\VisualGDB\EmbeddedBSPs\arm-eabi\com.sysprogs.arm.stm32/STM32F0xxxx/STM32F0xx_HAL_Driver/Inc -IC:\Users\M\AppData\Local\VisualGDB\EmbeddedBSPs\arm-eabi\com.sysprogs.arm.stm32/STM32F0xxxx/STM32F0xx_HAL_Driver/Inc/Legacy -IC:\Users\M\AppData\Local\VisualGDB\EmbeddedBSPs\arm-eabi\com.sysprogs.arm.stm32/STM32F0xxxx/CMSIS_HAL/Device/ST/STM32F0xx/Include -IC:\Users\M\AppData\Local\VisualGDB\EmbeddedBSPs\arm-eabi\com.sysprogs.arm.stm32/STM32F0xxxx/CMSIS_HAL/Include -DDEBUG=1 -DARM_MATH_CM0 -DSTM32F031C6 -Dflash_layout -DSTM32F031x6  -c C:\Users\M\AppData\Local\VisualGDB\EmbeddedBSPs\arm-eabi\com.sysprogs.arm.stm32/STM32F0xxxx/STM32F0xx_HAL_Driver/Src/stm32f0xx_ll_usart.c -o Debug/stm32f0xx_ll_usart.o -MD -MF Debug/stm32f0xx_ll_usart.dep
  C:\SysGCC\arm-eabi/bin/arm-eabi-gcc.exe -ggdb -ffunction-sections -O0   -mcpu=cortex-m0 -mthumb -I. -IC:\Users\M\AppData\Local\VisualGDB\EmbeddedBSPs\arm-eabi\com.sysprogs.arm.stm32/STM32F0xxxx/STM32F0xx_HAL_Driver/Inc -IC:\Users\M\AppData\Local\VisualGDB\EmbeddedBSPs\arm-eabi\com.sysprogs.arm.stm32/STM32F0xxxx/STM32F0xx_HAL_Driver/Inc/Legacy -IC:\Users\M\AppData\Local\VisualGDB\EmbeddedBSPs\arm-eabi\com.sysprogs.arm.stm32/STM32F0xxxx/CMSIS_HAL/Device/ST/STM32F0xx/Include -IC:\Users\M\AppData\Local\VisualGDB\EmbeddedBSPs\arm-eabi\com.sysprogs.arm.stm32/STM32F0xxxx/CMSIS_HAL/Include -DDEBUG=1 -DARM_MATH_CM0 -DSTM32F031C6 -Dflash_layout -DSTM32F031x6  -c C:\Users\M\AppData\Local\VisualGDB\EmbeddedBSPs\arm-eabi\com.sysprogs.arm.stm32/STM32F0xxxx/STM32F0xx_HAL_Driver/Src/stm32f0xx_ll_utils.c -o Debug/stm32f0xx_ll_utils.o -MD -MF Debug/stm32f0xx_ll_utils.dep
  C:\SysGCC\arm-eabi/bin/arm-eabi-g++.exe -ggdb -ffunction-sections -fno-exceptions -fno-rtti -O0   -mcpu=cortex-m0 -mthumb -I. -IC:\Users\M\AppData\Local\VisualGDB\EmbeddedBSPs\arm-eabi\com.sysprogs.arm.stm32/STM32F0xxxx/STM32F0xx_HAL_Driver/Inc -IC:\Users\M\AppData\Local\VisualGDB\EmbeddedBSPs\arm-eabi\com.sysprogs.arm.stm32/STM32F0xxxx/STM32F0xx_HAL_Driver/Inc/Legacy -IC:\Users\M\AppData\Local\VisualGDB\EmbeddedBSPs\arm-eabi\com.sysprogs.arm.stm32/STM32F0xxxx/CMSIS_HAL/Device/ST/STM32F0xx/Include -IC:\Users\M\AppData\Local\VisualGDB\EmbeddedBSPs\arm-eabi\com.sysprogs.arm.stm32/STM32F0xxxx/CMSIS_HAL/Include -DDEBUG=1 -DARM_MATH_CM0 -DSTM32F031C6 -Dflash_layout -DSTM32F031x6  -c Buttons.cpp -o Debug/Buttons.o -MD -MF Debug/Buttons.dep
  C:\SysGCC\arm-eabi/bin/arm-eabi-g++.exe -ggdb -ffunction-sections -fno-exceptions -fno-rtti -O0   -mcpu=cortex-m0 -mthumb -I. -IC:\Users\M\AppData\Local\VisualGDB\EmbeddedBSPs\arm-eabi\com.sysprogs.arm.stm32/STM32F0xxxx/STM32F0xx_HAL_Driver/Inc -IC:\Users\M\AppData\Local\VisualGDB\EmbeddedBSPs\arm-eabi\com.sysprogs.arm.stm32/STM32F0xxxx/STM32F0xx_HAL_Driver/Inc/Legacy -IC:\Users\M\AppData\Local\VisualGDB\EmbeddedBSPs\arm-eabi\com.sysprogs.arm.stm32/STM32F0xxxx/CMSIS_HAL/Device/ST/STM32F0xx/Include -IC:\Users\M\AppData\Local\VisualGDB\EmbeddedBSPs\arm-eabi\com.sysprogs.arm.stm32/STM32F0xxxx/CMSIS_HAL/Include -DDEBUG=1 -DARM_MATH_CM0 -DSTM32F031C6 -Dflash_layout -DSTM32F031x6  -c Calibrate.cpp -o Debug/Calibrate.o -MD -MF Debug/Calibrate.dep
  C:\SysGCC\arm-eabi/bin/arm-eabi-g++.exe -ggdb -ffunction-sections -fno-exceptions -fno-rtti -O0   -mcpu=cortex-m0 -mthumb -I. -IC:\Users\M\AppData\Local\VisualGDB\EmbeddedBSPs\arm-eabi\com.sysprogs.arm.stm32/STM32F0xxxx/STM32F0xx_HAL_Driver/Inc -IC:\Users\M\AppData\Local\VisualGDB\EmbeddedBSPs\arm-eabi\com.sysprogs.arm.stm32/STM32F0xxxx/STM32F0xx_HAL_Driver/Inc/Legacy -IC:\Users\M\AppData\Local\VisualGDB\EmbeddedBSPs\arm-eabi\com.sysprogs.arm.stm32/STM32F0xxxx/CMSIS_HAL/Device/ST/STM32F0xx/Include -IC:\Users\M\AppData\Local\VisualGDB\EmbeddedBSPs\arm-eabi\com.sysprogs.arm.stm32/STM32F0xxxx/CMSIS_HAL/Include -DDEBUG=1 -DARM_MATH_CM0 -DSTM32F031C6 -Dflash_layout -DSTM32F031x6  -c Clock.cpp -o Debug/Clock.o -MD -MF Debug/Clock.dep
  C:\SysGCC\arm-eabi/bin/arm-eabi-g++.exe -ggdb -ffunction-sections -fno-exceptions -fno-rtti -O0   -mcpu=cortex-m0 -mthumb -I. -IC:\Users\M\AppData\Local\VisualGDB\EmbeddedBSPs\arm-eabi\com.sysprogs.arm.stm32/STM32F0xxxx/STM32F0xx_HAL_Driver/Inc -IC:\Users\M\AppData\Local\VisualGDB\EmbeddedBSPs\arm-eabi\com.sysprogs.arm.stm32/STM32F0xxxx/STM32F0xx_HAL_Driver/Inc/Legacy -IC:\Users\M\AppData\Local\VisualGDB\EmbeddedBSPs\arm-eabi\com.sysprogs.arm.stm32/STM32F0xxxx/CMSIS_HAL/Device/ST/STM32F0xx/Include -IC:\Users\M\AppData\Local\VisualGDB\EmbeddedBSPs\arm-eabi\com.sysprogs.arm.stm32/STM32F0xxxx/CMSIS_HAL/Include -DDEBUG=1 -DARM_MATH_CM0 -DSTM32F031C6 -Dflash_layout -DSTM32F031x6  -c flash.cpp -o Debug/flash.o -MD -MF Debug/flash.dep
  C:\SysGCC\arm-eabi/bin/arm-eabi-g++.exe -ggdb -ffunction-sections -fno-exceptions -fno-rtti -O0   -mcpu=cortex-m0 -mthumb -I. -IC:\Users\M\AppData\Local\VisualGDB\EmbeddedBSPs\arm-eabi\com.sysprogs.arm.stm32/STM32F0xxxx/STM32F0xx_HAL_Driver/Inc -IC:\Users\M\AppData\Local\VisualGDB\EmbeddedBSPs\arm-eabi\com.sysprogs.arm.stm32/STM32F0xxxx/STM32F0xx_HAL_Driver/Inc/Legacy -IC:\Users\M\AppData\Local\VisualGDB\EmbeddedBSPs\arm-eabi\com.sysprogs.arm.stm32/STM32F0xxxx/CMSIS_HAL/Device/ST/STM32F0xx/Include -IC:\Users\M\AppData\Local\VisualGDB\EmbeddedBSPs\arm-eabi\com.sysprogs.arm.stm32/STM32F0xxxx/CMSIS_HAL/Include -DDEBUG=1 -DARM_MATH_CM0 -DSTM32F031C6 -Dflash_layout -DSTM32F031x6  -c main.cpp -o Debug/main.o -MD -MF Debug/main.dep
  C:\SysGCC\arm-eabi/bin/arm-eabi-g++.exe -ggdb -ffunction-sections -fno-exceptions -fno-rtti -O0   -mcpu=cortex-m0 -mthumb -I. -IC:\Users\M\AppData\Local\VisualGDB\EmbeddedBSPs\arm-eabi\com.sysprogs.arm.stm32/STM32F0xxxx/STM32F0xx_HAL_Driver/Inc -IC:\Users\M\AppData\Local\VisualGDB\EmbeddedBSPs\arm-eabi\com.sysprogs.arm.stm32/STM32F0xxxx/STM32F0xx_HAL_Driver/Inc/Legacy -IC:\Users\M\AppData\Local\VisualGDB\EmbeddedBSPs\arm-eabi\com.sysprogs.arm.stm32/STM32F0xxxx/CMSIS_HAL/Device/ST/STM32F0xx/Include -IC:\Users\M\AppData\Local\VisualGDB\EmbeddedBSPs\arm-eabi\com.sysprogs.arm.stm32/STM32F0xxxx/CMSIS_HAL/Include -DDEBUG=1 -DARM_MATH_CM0 -DSTM32F031C6 -Dflash_layout -DSTM32F031x6  -c PWM.cpp -o Debug/PWM.o -MD -MF Debug/PWM.dep
  C:\SysGCC\arm-eabi/bin/arm-eabi-g++.exe -ggdb -ffunction-sections -fno-exceptions -fno-rtti -O0   -mcpu=cortex-m0 -mthumb -I. -IC:\Users\M\AppData\Local\VisualGDB\EmbeddedBSPs\arm-eabi\com.sysprogs.arm.stm32/STM32F0xxxx/STM32F0xx_HAL_Driver/Inc -IC:\Users\M\AppData\Local\VisualGDB\EmbeddedBSPs\arm-eabi\com.sysprogs.arm.stm32/STM32F0xxxx/STM32F0xx_HAL_Driver/Inc/Legacy -IC:\Users\M\AppData\Local\VisualGDB\EmbeddedBSPs\arm-eabi\com.sysprogs.arm.stm32/STM32F0xxxx/CMSIS_HAL/Device/ST/STM32F0xx/Include -IC:\Users\M\AppData\Local\VisualGDB\EmbeddedBSPs\arm-eabi\com.sysprogs.arm.stm32/STM32F0xxxx/CMSIS_HAL/Include -DDEBUG=1 -DARM_MATH_CM0 -DSTM32F031C6 -Dflash_layout -DSTM32F031x6  -c SpiMA700.cpp -o Debug/SpiMA700.o -MD -MF Debug/SpiMA700.dep
  C:\SysGCC\arm-eabi/bin/arm-eabi-gcc.exe -ggdb -ffunction-sections -O0   -mcpu=cortex-m0 -mthumb -I. -IC:\Users\M\AppData\Local\VisualGDB\EmbeddedBSPs\arm-eabi\com.sysprogs.arm.stm32/STM32F0xxxx/STM32F0xx_HAL_Driver/Inc -IC:\Users\M\AppData\Local\VisualGDB\EmbeddedBSPs\arm-eabi\com.sysprogs.arm.stm32/STM32F0xxxx/STM32F0xx_HAL_Driver/Inc/Legacy -IC:\Users\M\AppData\Local\VisualGDB\EmbeddedBSPs\arm-eabi\com.sysprogs.arm.stm32/STM32F0xxxx/CMSIS_HAL/Device/ST/STM32F0xx/Include -IC:\Users\M\AppData\Local\VisualGDB\EmbeddedBSPs\arm-eabi\com.sysprogs.arm.stm32/STM32F0xxxx/CMSIS_HAL/Include -DDEBUG=1 -DARM_MATH_CM0 -DSTM32F031C6 -Dflash_layout -DSTM32F031x6  -c system_stm32f0xx.c -o Debug/system_stm32f0xx.o -MD -MF Debug/system_stm32f0xx.dep
  C:\SysGCC\arm-eabi/bin/arm-eabi-g++.exe -ggdb -ffunction-sections -fno-exceptions -fno-rtti -O0   -mcpu=cortex-m0 -mthumb -I. -IC:\Users\M\AppData\Local\VisualGDB\EmbeddedBSPs\arm-eabi\com.sysprogs.arm.stm32/STM32F0xxxx/STM32F0xx_HAL_Driver/Inc -IC:\Users\M\AppData\Local\VisualGDB\EmbeddedBSPs\arm-eabi\com.sysprogs.arm.stm32/STM32F0xxxx/STM32F0xx_HAL_Driver/Inc/Legacy -IC:\Users\M\AppData\Local\VisualGDB\EmbeddedBSPs\arm-eabi\com.sysprogs.arm.stm32/STM32F0xxxx/CMSIS_HAL/Device/ST/STM32F0xx/Include -IC:\Users\M\AppData\Local\VisualGDB\EmbeddedBSPs\arm-eabi\com.sysprogs.arm.stm32/STM32F0xxxx/CMSIS_HAL/Include -DDEBUG=1 -DARM_MATH_CM0 -DSTM32F031C6 -Dflash_layout -DSTM32F031x6  -c Usart.cpp -o Debug/Usart.o -MD -MF Debug/Usart.dep
  C:\SysGCC\arm-eabi/bin/arm-eabi-g++.exe -o Debug/v7.elf -Wl,-gc-sections --specs=nano.specs --specs=nosys.specs -TC:\Users\M\AppData\Local\VisualGDB\EmbeddedBSPs\arm-eabi\com.sysprogs.arm.stm32/STM32F0xxxx/LinkerScripts/STM32F031C6_flash.lds  -mcpu=cortex-m0 -mthumb   -Wl,--start-group Debug/startup_stm32f031x6.o Debug/stm32f0xx_hal.o Debug/stm32f0xx_hal_adc.o Debug/stm32f0xx_hal_adc_ex.o Debug/stm32f0xx_hal_can.o Debug/stm32f0xx_hal_cec.o Debug/stm32f0xx_hal_comp.o Debug/stm32f0xx_hal_cortex.o Debug/stm32f0xx_hal_crc.o Debug/stm32f0xx_hal_crc_ex.o Debug/stm32f0xx_hal_dac.o Debug/stm32f0xx_hal_dac_ex.o Debug/stm32f0xx_hal_dma.o Debug/stm32f0xx_hal_flash.o Debug/stm32f0xx_hal_flash_ex.o Debug/stm32f0xx_hal_gpio.o Debug/stm32f0xx_hal_i2c.o Debug/stm32f0xx_hal_i2c_ex.o Debug/stm32f0xx_hal_i2s.o Debug/stm32f0xx_hal_irda.o Debug/stm32f0xx_hal_iwdg.o Debug/stm32f0xx_hal_pcd.o Debug/stm32f0xx_hal_pcd_ex.o Debug/stm32f0xx_hal_pwr.o Debug/stm32f0xx_hal_pwr_ex.o Debug/stm32f0xx_hal_rcc.o Debug/stm32f0xx_hal_rcc_ex.o Debug/stm32f0xx_hal_rtc.o Debug/stm32f0xx_hal_rtc_ex.o Debug/stm32f0xx_hal_smartcard.o Debug/stm32f0xx_hal_smartcard_ex.o Debug/stm32f0xx_hal_smbus.o Debug/stm32f0xx_hal_spi.o Debug/stm32f0xx_hal_spi_ex.o Debug/stm32f0xx_hal_tim.o Debug/stm32f0xx_hal_tim_ex.o Debug/stm32f0xx_hal_tsc.o Debug/stm32f0xx_hal_uart.o Debug/stm32f0xx_hal_uart_ex.o Debug/stm32f0xx_hal_usart.o Debug/stm32f0xx_hal_wwdg.o Debug/stm32f0xx_ll_adc.o Debug/stm32f0xx_ll_comp.o Debug/stm32f0xx_ll_crc.o Debug/stm32f0xx_ll_crs.o Debug/stm32f0xx_ll_dac.o Debug/stm32f0xx_ll_dma.o Debug/stm32f0xx_ll_exti.o Debug/stm32f0xx_ll_gpio.o Debug/stm32f0xx_ll_i2c.o Debug/stm32f0xx_ll_pwr.o Debug/stm32f0xx_ll_rcc.o Debug/stm32f0xx_ll_rtc.o Debug/stm32f0xx_ll_spi.o Debug/stm32f0xx_ll_tim.o Debug/stm32f0xx_ll_usart.o Debug/stm32f0xx_ll_utils.o Debug/Buttons.o Debug/Calibrate.o Debug/Clock.o Debug/flash.o Debug/main.o Debug/PWM.o Debug/SpiMA700.o Debug/system_stm32f0xx.o Debug/Usart.o -lcompactcpp    -Wl,--end-group
  C:\SysGCC\arm-eabi/bin/arm-eabi-objcopy.exe -O binary Debug/v7.elf Debug/v7.bin
  ------------------- Memory utilization report -------------------
  Used FLASH: 10KB out of 32KB (32%)
  Used RAM: 124 bytes out of 4096 bytes (3%)
